0 verbose cli C:\Program Files\nodejs\node.exe C:\Users\Mhmtm\AppData\Roaming\npm\node_modules\npm\bin\npm-cli.js
1 info using npm@11.2.0
2 info using node@v20.18.0
3 silly config load:file:C:\Users\Mhmtm\AppData\Roaming\npm\node_modules\npm\npmrc
4 silly config load:file:C:\Users\Mhmtm\OneDrive\Masaüstü\MysteryMentors\.npmrc
5 silly config load:file:C:\Users\Mhmtm\.npmrc
6 silly config load:file:C:\Users\Mhmtm\AppData\Roaming\npm\etc\npmrc
7 verbose title npm install gh-pages
8 verbose argv "install" "--save-dev" "gh-pages"
9 verbose logfile logs-max:10 dir:C:\Users\Mhmtm\OneDrive\Masaüstü\MysteryMentors\tempnpm-cache\_logs\2025-06-08T21_55_19_773Z-
10 verbose logfile C:\Users\Mhmtm\OneDrive\Masaüstü\MysteryMentors\tempnpm-cache\_logs\2025-06-08T21_55_19_773Z-debug-0.log
11 silly logfile done cleaning log files
12 silly packumentCache heap:4345298944 maxSize:1086324736 maxEntrySize:543162368
13 silly idealTree buildDeps
14 silly fetch manifest gh-pages@^6.3.0
15 silly packumentCache full:https://registry.npmjs.org/gh-pages cache-miss
16 verbose shrinkwrap failed to load node_modules/.package-lock.json out of date, updated: node_modules
17 http cache https://registry.npmjs.org/gh-pages 38ms (cache hit)
18 silly packumentCache full:https://registry.npmjs.org/gh-pages set size:96662 disposed:false
19 silly placeDep ROOT gh-pages@6.3.0 REPLACE for: rest-express@1.0.0 want: ^6.3.0
20 silly reify moves {}
21 silly audit bulk request {
21 silly audit   '@alloc/quick-lru': [ '5.2.0' ],
21 silly audit   '@ampproject/remapping': [ '2.3.0' ],
21 silly audit   '@babel/code-frame': [ '7.26.2' ],
21 silly audit   '@babel/compat-data': [ '7.26.2' ],
21 silly audit   '@babel/core': [ '7.26.0' ],
21 silly audit   '@babel/generator': [ '7.26.9' ],
21 silly audit   '@babel/helper-compilation-targets': [ '7.25.9' ],
21 silly audit   '@babel/helper-module-imports': [ '7.25.9' ],
21 silly audit   '@babel/helper-module-transforms': [ '7.26.0' ],
21 silly audit   '@babel/helper-plugin-utils': [ '7.25.9' ],
21 silly audit   '@babel/helper-string-parser': [ '7.25.9' ],
21 silly audit   '@babel/helper-validator-identifier': [ '7.25.9' ],
21 silly audit   '@babel/helper-validator-option': [ '7.25.9' ],
21 silly audit   '@babel/helpers': [ '7.26.0' ],
21 silly audit   '@babel/parser': [ '7.26.9' ],
21 silly audit   '@babel/plugin-transform-react-jsx-self': [ '7.25.9' ],
21 silly audit   '@babel/plugin-transform-react-jsx-source': [ '7.25.9' ],
21 silly audit   '@babel/runtime': [ '7.27.0' ],
21 silly audit   '@babel/template': [ '7.26.9' ],
21 silly audit   '@babel/traverse': [ '7.26.9' ],
21 silly audit   '@babel/types': [ '7.26.9' ],
21 silly audit   '@drizzle-team/brocli': [ '0.10.2' ],
21 silly audit   '@esbuild-kit/core-utils': [ '3.3.2' ],
21 silly audit   '@esbuild/android-arm': [ '0.18.20', '0.25.0', '0.19.12', '0.23.1', '0.21.5' ],
21 silly audit   '@esbuild/android-arm64': [ '0.18.20', '0.25.0', '0.19.12', '0.23.1', '0.21.5' ],
21 silly audit   '@esbuild/android-x64': [ '0.18.20', '0.25.0', '0.19.12', '0.23.1', '0.21.5' ],
21 silly audit   '@esbuild/darwin-arm64': [ '0.18.20', '0.25.0', '0.19.12', '0.23.1', '0.21.5' ],
21 silly audit   '@esbuild/darwin-x64': [ '0.18.20', '0.25.0', '0.19.12', '0.23.1', '0.21.5' ],
21 silly audit   '@esbuild/freebsd-arm64': [ '0.18.20', '0.25.0', '0.19.12', '0.23.1', '0.21.5' ],
21 silly audit   '@esbuild/freebsd-x64': [ '0.18.20', '0.25.0', '0.19.12', '0.23.1', '0.21.5' ],
21 silly audit   '@esbuild/linux-arm': [ '0.18.20', '0.25.0', '0.19.12', '0.23.1', '0.21.5' ],
21 silly audit   '@esbuild/linux-arm64': [ '0.18.20', '0.25.0', '0.19.12', '0.23.1', '0.21.5' ],
21 silly audit   '@esbuild/linux-ia32': [ '0.18.20', '0.25.0', '0.19.12', '0.23.1', '0.21.5' ],
21 silly audit   '@esbuild/linux-loong64': [ '0.18.20', '0.25.0', '0.19.12', '0.23.1', '0.21.5' ],
21 silly audit   '@esbuild/linux-mips64el': [ '0.18.20', '0.25.0', '0.19.12', '0.23.1', '0.21.5' ],
21 silly audit   '@esbuild/linux-ppc64': [ '0.18.20', '0.25.0', '0.19.12', '0.23.1', '0.21.5' ],
21 silly audit   '@esbuild/linux-riscv64': [ '0.18.20', '0.25.0', '0.19.12', '0.23.1', '0.21.5' ],
21 silly audit   '@esbuild/linux-s390x': [ '0.18.20', '0.25.0', '0.19.12', '0.23.1', '0.21.5' ],
21 silly audit   '@esbuild/linux-x64': [ '0.18.20', '0.25.0', '0.19.12', '0.23.1', '0.21.5' ],
21 silly audit   '@esbuild/netbsd-x64': [ '0.18.20', '0.25.0', '0.19.12', '0.23.1', '0.21.5' ],
21 silly audit   '@esbuild/openbsd-x64': [ '0.18.20', '0.25.0', '0.19.12', '0.23.1', '0.21.5' ],
21 silly audit   '@esbuild/sunos-x64': [ '0.18.20', '0.25.0', '0.19.12', '0.23.1', '0.21.5' ],
21 silly audit   '@esbuild/win32-arm64': [ '0.18.20', '0.25.0', '0.19.12', '0.23.1', '0.21.5' ],
21 silly audit   '@esbuild/win32-ia32': [ '0.18.20', '0.25.0', '0.19.12', '0.23.1', '0.21.5' ],
21 silly audit   '@esbuild/win32-x64': [ '0.18.20', '0.25.0', '0.19.12', '0.23.1', '0.21.5' ],
21 silly audit   esbuild: [ '0.18.20', '0.19.12', '0.25.0', '0.23.1', '0.21.5' ],
21 silly audit   '@esbuild-kit/esm-loader': [ '2.6.5' ],
21 silly audit   '@esbuild/aix-ppc64': [ '0.25.0', '0.19.12', '0.23.1', '0.21.5' ],
21 silly audit   '@esbuild/netbsd-arm64': [ '0.25.0' ],
21 silly audit   '@esbuild/openbsd-arm64': [ '0.25.0', '0.23.1' ],
21 silly audit   '@floating-ui/core': [ '1.6.9' ],
21 silly audit   '@floating-ui/dom': [ '1.6.13' ],
21 silly audit   '@floating-ui/react-dom': [ '2.1.2' ],
21 silly audit   '@floating-ui/utils': [ '0.2.9' ],
21 silly audit   '@hookform/resolvers': [ '3.10.0' ],
21 silly audit   '@isaacs/cliui': [ '8.0.2' ],
21 silly audit   '@jridgewell/gen-mapping': [ '0.3.5' ],
21 silly audit   '@jridgewell/resolve-uri': [ '3.1.2' ],
21 silly audit   '@jridgewell/set-array': [ '1.2.1' ],
21 silly audit   '@jridgewell/sourcemap-codec': [ '1.5.0' ],
21 silly audit   '@jridgewell/trace-mapping': [ '0.3.25' ],
21 silly audit   '@neondatabase/serverless': [ '0.10.4' ],
21 silly audit   '@nodelib/fs.scandir': [ '2.1.5' ],
21 silly audit   '@nodelib/fs.stat': [ '2.0.5' ],
21 silly audit   '@nodelib/fs.walk': [ '1.2.8' ],
21 silly audit   '@pkgjs/parseargs': [ '0.11.0' ],
21 silly audit   '@radix-ui/number': [ '1.1.1' ],
21 silly audit   '@radix-ui/primitive': [ '1.1.2' ],
21 silly audit   '@radix-ui/react-accordion': [ '1.2.4' ],
21 silly audit   '@radix-ui/react-alert-dialog': [ '1.1.7' ],
21 silly audit   '@radix-ui/react-arrow': [ '1.1.3' ],
21 silly audit   '@radix-ui/react-aspect-ratio': [ '1.1.3' ],
21 silly audit   '@radix-ui/react-avatar': [ '1.1.4' ],
21 silly audit   '@radix-ui/react-checkbox': [ '1.1.5' ],
21 silly audit   '@radix-ui/react-collapsible': [ '1.1.4' ],
21 silly audit   '@radix-ui/react-collection': [ '1.1.3' ],
21 silly audit   '@radix-ui/react-compose-refs': [ '1.1.2' ],
21 silly audit   '@radix-ui/react-context': [ '1.1.2' ],
21 silly audit   '@radix-ui/react-context-menu': [ '2.2.7' ],
21 silly audit   '@radix-ui/react-dialog': [ '1.1.7' ],
21 silly audit   '@radix-ui/react-direction': [ '1.1.1' ],
21 silly audit   '@radix-ui/react-dismissable-layer': [ '1.1.6' ],
21 silly audit   '@radix-ui/react-dropdown-menu': [ '2.1.7' ],
21 silly audit   '@radix-ui/react-focus-guards': [ '1.1.2' ],
21 silly audit   '@radix-ui/react-focus-scope': [ '1.1.3' ],
21 silly audit   '@radix-ui/react-hover-card': [ '1.1.7' ],
21 silly audit   '@radix-ui/react-id': [ '1.1.1' ],
21 silly audit   '@radix-ui/react-label': [ '2.1.3' ],
21 silly audit   '@radix-ui/react-menu': [ '2.1.7' ],
21 silly audit   '@radix-ui/react-menubar': [ '1.1.7' ],
21 silly audit   '@radix-ui/react-navigation-menu': [ '1.2.6' ],
21 silly audit   '@radix-ui/react-popover': [ '1.1.7' ],
21 silly audit   '@radix-ui/react-popper': [ '1.2.3' ],
21 silly audit   '@radix-ui/react-portal': [ '1.1.5' ],
21 silly audit   '@radix-ui/react-presence': [ '1.1.3' ],
21 silly audit   '@radix-ui/react-primitive': [ '2.0.3' ],
21 silly audit   '@radix-ui/react-progress': [ '1.1.3' ],
21 silly audit   '@radix-ui/react-radio-group': [ '1.2.4' ],
21 silly audit   '@radix-ui/react-roving-focus': [ '1.1.3' ],
21 silly audit   '@radix-ui/react-scroll-area': [ '1.2.4' ],
21 silly audit   '@radix-ui/react-select': [ '2.1.7' ],
21 silly audit   '@radix-ui/react-separator': [ '1.1.3' ],
21 silly audit   '@radix-ui/react-slider': [ '1.2.4' ],
21 silly audit   '@radix-ui/react-slot': [ '1.2.0' ],
21 silly audit   '@radix-ui/react-switch': [ '1.1.4' ],
21 silly audit   '@radix-ui/react-tabs': [ '1.1.4' ],
21 silly audit   '@radix-ui/react-toast': [ '1.2.7' ],
21 silly audit   '@radix-ui/react-toggle': [ '1.1.3' ],
21 silly audit   '@radix-ui/react-toggle-group': [ '1.1.3' ],
21 silly audit   '@radix-ui/react-tooltip': [ '1.2.0' ],
21 silly audit   '@radix-ui/react-use-callback-ref': [ '1.1.1' ],
21 silly audit   '@radix-ui/react-use-controllable-state': [ '1.1.1' ],
21 silly audit   '@radix-ui/react-use-escape-keydown': [ '1.1.1' ],
21 silly audit   '@radix-ui/react-use-layout-effect': [ '1.1.1' ],
21 silly audit   '@radix-ui/react-use-previous': [ '1.1.1' ],
21 silly audit   '@radix-ui/react-use-rect': [ '1.1.1' ],
21 silly audit   '@radix-ui/react-use-size': [ '1.1.1' ],
21 silly audit   '@radix-ui/react-visually-hidden': [ '1.1.3' ],
21 silly audit   '@radix-ui/rect': [ '1.1.1' ],
21 silly audit   '@replit/vite-plugin-cartographer': [ '0.2.7' ],
21 silly audit   '@replit/vite-plugin-runtime-error-modal': [ '0.0.3' ],
21 silly audit   '@rollup/rollup-android-arm-eabi': [ '4.24.4' ],
21 silly audit   '@rollup/rollup-android-arm64': [ '4.24.4' ],
21 silly audit   '@rollup/rollup-darwin-arm64': [ '4.24.4' ],
21 silly audit   '@rollup/rollup-darwin-x64': [ '4.24.4' ],
21 silly audit   '@rollup/rollup-freebsd-arm64': [ '4.24.4' ],
21 silly audit   '@rollup/rollup-freebsd-x64': [ '4.24.4' ],
21 silly audit   '@rollup/rollup-linux-arm-gnueabihf': [ '4.24.4' ],
21 silly audit   '@rollup/rollup-linux-arm-musleabihf': [ '4.24.4' ],
21 silly audit   '@rollup/rollup-linux-arm64-gnu': [ '4.24.4' ],
21 silly audit   '@rollup/rollup-linux-arm64-musl': [ '4.24.4' ],
21 silly audit   '@rollup/rollup-linux-powerpc64le-gnu': [ '4.24.4' ],
21 silly audit   '@rollup/rollup-linux-riscv64-gnu': [ '4.24.4' ],
21 silly audit   '@rollup/rollup-linux-s390x-gnu': [ '4.24.4' ],
21 silly audit   '@rollup/rollup-linux-x64-gnu': [ '4.24.4' ],
21 silly audit   '@rollup/rollup-linux-x64-musl': [ '4.24.4' ],
21 silly audit   '@rollup/rollup-win32-arm64-msvc': [ '4.24.4' ],
21 silly audit   '@rollup/rollup-win32-ia32-msvc': [ '4.24.4' ],
21 silly audit   '@rollup/rollup-win32-x64-msvc': [ '4.24.4' ],
21 silly audit   '@tailwindcss/node': [ '4.1.3' ],
21 silly audit   jiti: [ '2.4.2', '1.21.6' ],
21 silly audit   tailwindcss: [ '4.1.3', '3.4.17' ],
21 silly audit   '@tailwindcss/oxide': [ '4.1.3' ],
21 silly audit   '@tailwindcss/oxide-android-arm64': [ '4.1.3' ],
21 silly audit   '@tailwindcss/oxide-darwin-arm64': [ '4.1.3' ],
21 silly audit   '@tailwindcss/oxide-darwin-x64': [ '4.1.3' ],
21 silly audit   '@tailwindcss/oxide-freebsd-x64': [ '4.1.3' ],
21 silly audit   '@tailwindcss/oxide-linux-arm-gnueabihf': [ '4.1.3' ],
21 silly audit   '@tailwindcss/oxide-linux-arm64-gnu': [ '4.1.3' ],
21 silly audit   '@tailwindcss/oxide-linux-arm64-musl': [ '4.1.3' ],
21 silly audit   '@tailwindcss/oxide-linux-x64-gnu': [ '4.1.3' ],
21 silly audit   '@tailwindcss/oxide-linux-x64-musl': [ '4.1.3' ],
21 silly audit   '@tailwindcss/oxide-win32-arm64-msvc': [ '4.1.3' ],
21 silly audit   '@tailwindcss/oxide-win32-x64-msvc': [ '4.1.3' ],
21 silly audit   '@tailwindcss/typography': [ '0.5.15' ],
21 silly audit   'postcss-selector-parser': [ '6.0.10', '6.1.2' ],
21 silly audit   '@tailwindcss/vite': [ '4.1.3' ],
21 silly audit   '@tanstack/query-core': [ '5.60.5' ],
21 silly audit   '@tanstack/react-query': [ '5.60.5' ],
21 silly audit   '@types/babel__core': [ '7.20.5' ],
21 silly audit   '@types/babel__generator': [ '7.6.8' ],
21 silly audit   '@types/babel__template': [ '7.4.4' ],
21 silly audit   '@types/babel__traverse': [ '7.20.6' ],
21 silly audit   '@types/body-parser': [ '1.19.5' ],
21 silly audit   '@types/connect': [ '3.4.38' ],
21 silly audit   '@types/connect-pg-simple': [ '7.0.3' ],
21 silly audit   '@types/d3-array': [ '3.2.1' ],
21 silly audit   '@types/d3-color': [ '3.1.3' ],
21 silly audit   '@types/d3-ease': [ '3.0.2' ],
21 silly audit   '@types/d3-interpolate': [ '3.0.4' ],
21 silly audit   '@types/d3-path': [ '3.1.0' ],
21 silly audit   '@types/d3-scale': [ '4.0.8' ],
21 silly audit   '@types/d3-shape': [ '3.1.6' ],
21 silly audit   '@types/d3-time': [ '3.0.3' ],
21 silly audit   '@types/d3-timer': [ '3.0.2' ],
21 silly audit   '@types/estree': [ '1.0.6' ],
21 silly audit   '@types/express': [ '4.17.21' ],
21 silly audit   '@types/express-serve-static-core': [ '4.19.6' ],
21 silly audit   '@types/express-session': [ '1.18.0' ],
21 silly audit   '@types/http-errors': [ '2.0.4' ],
21 silly audit   '@types/mime': [ '1.3.5' ],
21 silly audit   '@types/node': [ '20.16.11' ],
21 silly audit   '@types/nodemailer': [ '6.4.17' ],
21 silly audit   '@types/passport': [ '1.0.17' ],
21 silly audit   '@types/passport-local': [ '1.0.38' ],
21 silly audit   '@types/passport-strategy': [ '0.2.38' ],
21 silly audit   '@types/pg': [ '8.11.6' ],
21 silly audit   '@types/prop-types': [ '15.7.13' ],
21 silly audit   '@types/qs': [ '6.9.16' ],
21 silly audit   '@types/range-parser': [ '1.2.7' ],
21 silly audit   '@types/react': [ '18.3.12' ],
21 silly audit   '@types/react-dom': [ '18.3.1' ],
21 silly audit   '@types/send': [ '0.17.4' ],
21 silly audit   '@types/serve-static': [ '1.15.7' ],
21 silly audit   '@types/ws': [ '8.5.13' ],
21 silly audit   '@vitejs/plugin-react': [ '4.3.3' ],
21 silly audit   accepts: [ '1.3.8' ],
21 silly audit   'ansi-regex': [ '6.1.0', '5.0.1' ],
21 silly audit   'ansi-styles': [ '6.2.1', '4.3.0' ],
21 silly audit   'any-promise': [ '1.3.0' ],
21 silly audit   anymatch: [ '3.1.3' ],
21 silly audit   arg: [ '5.0.2' ],
21 silly audit   'aria-hidden': [ '1.2.4' ],
21 silly audit   'array-flatten': [ '1.1.1' ],
21 silly audit   'array-union': [ '2.1.0' ],
21 silly audit   async: [ '3.2.6' ],
21 silly audit   autoprefixer: [ '10.4.20' ],
21 silly audit   'balanced-match': [ '1.0.2' ],
21 silly audit   'binary-extensions': [ '2.3.0' ],
21 silly audit   'body-parser': [ '1.20.3' ],
21 silly audit   debug: [ '2.6.9', '4.3.7' ],
21 silly audit   ms: [ '2.0.0', '2.1.3' ],
21 silly audit   'brace-expansion': [ '2.0.1' ],
21 silly audit   braces: [ '3.0.3' ],
21 silly audit   browserslist: [ '4.24.2' ],
21 silly audit   'buffer-from': [ '1.1.2' ],
21 silly audit   bufferutil: [ '4.0.8' ],
21 silly audit   bytes: [ '3.1.2' ],
21 silly audit   'call-bind': [ '1.0.7' ],
21 silly audit   'camelcase-css': [ '2.0.1' ],
21 silly audit   'caniuse-lite': [ '1.0.30001677' ],
21 silly audit   chokidar: [ '3.6.0' ],
21 silly audit   'glob-parent': [ '5.1.2', '6.0.2' ],
21 silly audit   'class-variance-authority': [ '0.7.1' ],
21 silly audit   clsx: [ '2.1.1' ],
21 silly audit   cmdk: [ '1.1.1' ],
21 silly audit   'color-convert': [ '2.0.1' ],
21 silly audit   'color-name': [ '1.1.4' ],
21 silly audit   commander: [ '4.1.1', '13.1.0' ],
21 silly audit   commondir: [ '1.0.1' ],
21 silly audit   'connect-pg-simple': [ '10.0.0' ],
21 silly audit   'content-disposition': [ '0.5.4' ],
21 silly audit   'content-type': [ '1.0.5' ],
21 silly audit   'convert-source-map': [ '2.0.0' ],
21 silly audit   cookie: [ '0.7.1', '0.7.2' ],
21 silly audit   'cookie-signature': [ '1.0.6', '1.0.7' ],
21 silly audit   'cross-spawn': [ '7.0.6' ],
21 silly audit   cssesc: [ '3.0.0' ],
21 silly audit   csstype: [ '3.1.3' ],
21 silly audit   'd3-array': [ '3.2.4' ],
21 silly audit   'd3-color': [ '3.1.0' ],
21 silly audit   'd3-ease': [ '3.0.1' ],
21 silly audit   'd3-format': [ '3.1.0' ],
21 silly audit   'd3-interpolate': [ '3.0.1' ],
21 silly audit   'd3-path': [ '3.1.0' ],
21 silly audit   'd3-scale': [ '4.0.2' ],
21 silly audit   'd3-shape': [ '3.2.0' ],
21 silly audit   'd3-time': [ '3.1.0' ],
21 silly audit   'd3-time-format': [ '4.1.0' ],
21 silly audit   'd3-timer': [ '3.0.1' ],
21 silly audit   'date-fns': [ '3.6.0' ],
21 silly audit   'decimal.js-light': [ '2.5.1' ],
21 silly audit   'define-data-property': [ '1.1.4' ],
21 silly audit   depd: [ '2.0.0' ],
21 silly audit   destroy: [ '1.2.0' ],
21 silly audit   'detect-libc': [ '2.0.3' ],
21 silly audit   'detect-node-es': [ '1.1.0' ],
21 silly audit   didyoumean: [ '1.2.2' ],
21 silly audit   'dir-glob': [ '3.0.1' ],
21 silly audit   dlv: [ '1.1.3' ],
21 silly audit   'dom-helpers': [ '5.2.1' ],
21 silly audit   'drizzle-kit': [ '0.30.4' ],
21 silly audit   'drizzle-orm': [ '0.39.1' ],
21 silly audit   'drizzle-zod': [ '0.7.0' ],
21 silly audit   eastasianwidth: [ '0.2.0' ],
21 silly audit   'ee-first': [ '1.1.1' ],
21 silly audit   'electron-to-chromium': [ '1.5.51' ],
21 silly audit   'email-addresses': [ '5.0.0' ],
21 silly audit   'embla-carousel': [ '8.6.0' ],
21 silly audit   'embla-carousel-react': [ '8.6.0' ],
21 silly audit   'embla-carousel-reactive-utils': [ '8.6.0' ],
21 silly audit   'emoji-regex': [ '9.2.2', '8.0.0' ],
21 silly audit   encodeurl: [ '2.0.0', '1.0.2' ],
21 silly audit   'enhanced-resolve': [ '5.18.1' ],
21 silly audit   'es-define-property': [ '1.0.0' ],
21 silly audit   'es-errors': [ '1.3.0' ],
21 silly audit   'esbuild-register': [ '3.6.0' ],
21 silly audit   escalade: [ '3.2.0' ],
21 silly audit   'escape-html': [ '1.0.3' ],
21 silly audit   'escape-string-regexp': [ '1.0.5' ],
21 silly audit   etag: [ '1.8.1' ],
21 silly audit   eventemitter3: [ '4.0.7' ],
21 silly audit   express: [ '4.21.2' ],
21 silly audit   'express-session': [ '1.18.1' ],
21 silly audit   'fast-equals': [ '5.2.2' ],
21 silly audit   'fast-glob': [ '3.3.2' ],
21 silly audit   fastq: [ '1.17.1' ],
21 silly audit   'filename-reserved-regex': [ '2.0.0' ],
21 silly audit   filenamify: [ '4.3.0' ],
21 silly audit   'fill-range': [ '7.1.1' ],
21 silly audit   finalhandler: [ '1.3.1' ],
21 silly audit   'find-cache-dir': [ '3.3.2' ],
21 silly audit   'find-up': [ '4.1.0' ],
21 silly audit   'foreground-child': [ '3.3.0' ],
21 silly audit   forwarded: [ '0.2.0' ],
21 silly audit   'fraction.js': [ '4.3.7' ],
21 silly audit   'framer-motion': [ '11.13.1' ],
21 silly audit   fresh: [ '0.5.2' ],
21 silly audit   'fs-extra': [ '11.3.0' ],
21 silly audit   fsevents: [ '2.3.3' ],
21 silly audit   'function-bind': [ '1.1.2' ],
21 silly audit   gensync: [ '1.0.0-beta.2' ],
21 silly audit   'get-intrinsic': [ '1.2.4' ],
21 silly audit   'get-nonce': [ '1.0.1' ],
21 silly audit   'get-tsconfig': [ '4.8.1' ],
21 silly audit   glob: [ '10.4.5' ],
21 silly audit   globals: [ '11.12.0' ],
21 silly audit   globby: [ '11.1.0' ],
21 silly audit   gopd: [ '1.0.1' ],
21 silly audit   'graceful-fs': [ '4.2.11' ],
21 silly audit   'has-property-descriptors': [ '1.0.2' ],
21 silly audit   'has-proto': [ '1.0.3' ],
21 silly audit   'has-symbols': [ '1.0.3' ],
21 silly audit   hasown: [ '2.0.2' ],
21 silly audit   'http-errors': [ '2.0.0' ],
21 silly audit   'iconv-lite': [ '0.4.24' ],
21 silly audit   ignore: [ '5.3.2' ],
21 silly audit   inherits: [ '2.0.4' ],
21 silly audit   'input-otp': [ '1.4.2' ],
21 silly audit   internmap: [ '2.0.3' ],
21 silly audit   'ipaddr.js': [ '1.9.1' ],
21 silly audit   'is-binary-path': [ '2.1.0' ],
21 silly audit   'is-core-module': [ '2.15.1' ],
21 silly audit   'is-extglob': [ '2.1.1' ],
21 silly audit   'is-fullwidth-code-point': [ '3.0.0' ],
21 silly audit   'is-glob': [ '4.0.3' ],
21 silly audit   'is-number': [ '7.0.0' ],
21 silly audit   isexe: [ '2.0.0' ],
21 silly audit   jackspeak: [ '3.4.3' ],
21 silly audit   'js-tokens': [ '4.0.0' ],
21 silly audit   jsesc: [ '3.0.2' ],
21 silly audit   json5: [ '2.2.3' ],
21 silly audit   jsonfile: [ '6.1.0' ],
21 silly audit   lightningcss: [ '1.29.2' ],
21 silly audit   'lightningcss-darwin-arm64': [ '1.29.2' ],
21 silly audit   'lightningcss-darwin-x64': [ '1.29.2' ],
21 silly audit   'lightningcss-freebsd-x64': [ '1.29.2' ],
21 silly audit   'lightningcss-linux-arm-gnueabihf': [ '1.29.2' ],
21 silly audit   'lightningcss-linux-arm64-gnu': [ '1.29.2' ],
21 silly audit   'lightningcss-linux-arm64-musl': [ '1.29.2' ],
21 silly audit   'lightningcss-linux-x64-gnu': [ '1.29.2' ],
21 silly audit   'lightningcss-linux-x64-musl': [ '1.29.2' ],
21 silly audit   'lightningcss-win32-arm64-msvc': [ '1.29.2' ],
21 silly audit   'lightningcss-win32-x64-msvc': [ '1.29.2' ],
21 silly audit   lilconfig: [ '3.1.3' ],
21 silly audit   'lines-and-columns': [ '1.2.4' ],
21 silly audit   'locate-path': [ '5.0.0' ],
21 silly audit   lodash: [ '4.17.21' ],
21 silly audit   'lodash.castarray': [ '4.4.0' ],
21 silly audit   'lodash.isplainobject': [ '4.0.6' ],
21 silly audit   'lodash.merge': [ '4.6.2' ],
21 silly audit   'loose-envify': [ '1.4.0' ],
21 silly audit   'lru-cache': [ '5.1.1', '4.1.5', '10.4.3' ],
21 silly audit   'lucide-react': [ '0.453.0' ],
21 silly audit   'magic-string': [ '0.30.17' ],
21 silly audit   'make-dir': [ '3.1.0' ],
21 silly audit   'media-typer': [ '0.3.0' ],
21 silly audit   memorystore: [ '1.6.7' ],
21 silly audit   yallist: [ '2.1.2', '3.1.1' ],
21 silly audit   'merge-descriptors': [ '1.0.3' ],
21 silly audit   merge2: [ '1.4.1' ],
21 silly audit   methods: [ '1.1.2' ],
21 silly audit   micromatch: [ '4.0.8' ],
21 silly audit   mime: [ '1.6.0' ],
21 silly audit   'mime-db': [ '1.52.0' ],
21 silly audit   'mime-types': [ '2.1.35' ],
21 silly audit   minimatch: [ '9.0.5' ],
21 silly audit   minipass: [ '7.1.2' ],
21 silly audit   mitt: [ '3.0.1' ],
21 silly audit   'modern-screenshot': [ '4.6.0' ],
21 silly audit   'motion-dom': [ '11.13.0' ],
21 silly audit   'motion-utils': [ '11.13.0' ],
21 silly audit   mz: [ '2.7.0' ],
21 silly audit   nanoid: [ '3.3.8' ],
21 silly audit   negotiator: [ '0.6.3' ],
21 silly audit   'next-themes': [ '0.4.6' ],
21 silly audit   'node-gyp-build': [ '4.8.3' ],
21 silly audit   'node-releases': [ '2.0.18' ],
21 silly audit   nodemailer: [ '7.0.3' ],
21 silly audit   'normalize-path': [ '3.0.0' ],
21 silly audit   'normalize-range': [ '0.1.2' ],
21 silly audit   'object-assign': [ '4.1.1' ],
21 silly audit   'object-hash': [ '3.0.0' ],
21 silly audit   'object-inspect': [ '1.13.2' ],
21 silly audit   obuf: [ '1.1.2' ],
21 silly audit   'on-finished': [ '2.4.1' ],
21 silly audit   'on-headers': [ '1.0.2' ],
21 silly audit   'p-limit': [ '2.3.0' ],
21 silly audit   'p-locate': [ '4.1.0' ],
21 silly audit   'p-try': [ '2.2.0' ],
21 silly audit   'package-json-from-dist': [ '1.0.1' ],
21 silly audit   parseurl: [ '1.3.3' ],
21 silly audit   passport: [ '0.7.0' ],
21 silly audit   'passport-local': [ '1.0.0' ],
21 silly audit   'passport-strategy': [ '1.0.0' ],
21 silly audit   'path-exists': [ '4.0.0' ],
21 silly audit   'path-key': [ '3.1.1' ],
21 silly audit   'path-parse': [ '1.0.7' ],
21 silly audit   'path-scurry': [ '1.11.1' ],
21 silly audit   'path-to-regexp': [ '0.1.12' ],
21 silly audit   'path-type': [ '4.0.0' ],
21 silly audit   pause: [ '0.0.1' ],
21 silly audit   pg: [ '8.13.1' ],
21 silly audit   'pg-cloudflare': [ '1.1.1' ],
21 silly audit   'pg-connection-string': [ '2.7.0' ],
21 silly audit   'pg-int8': [ '1.0.1' ],
21 silly audit   'pg-numeric': [ '1.0.2' ],
21 silly audit   'pg-pool': [ '3.7.0' ],
21 silly audit   'pg-protocol': [ '1.7.0' ],
21 silly audit   'pg-types': [ '4.0.2', '2.2.0' ],
21 silly audit   'postgres-array': [ '2.0.0', '3.0.2' ],
21 silly audit   'postgres-bytea': [ '1.0.0', '3.0.0' ],
21 silly audit   'postgres-date': [ '1.0.7', '2.1.0' ],
21 silly audit   'postgres-interval': [ '1.2.0', '3.0.0' ],
21 silly audit   pgpass: [ '1.0.5' ],
21 silly audit   picocolors: [ '1.1.1' ],
21 silly audit   picomatch: [ '2.3.1' ],
21 silly audit   pify: [ '2.3.0' ],
21 silly audit   pirates: [ '4.0.6' ],
21 silly audit   'pkg-dir': [ '4.2.0' ],
21 silly audit   postcss: [ '8.4.47' ],
21 silly audit   'postcss-import': [ '15.1.0' ],
21 silly audit   'postcss-js': [ '4.0.1' ],
21 silly audit   'postcss-load-config': [ '4.0.2' ],
21 silly audit   'postcss-nested': [ '6.2.0' ],
21 silly audit   'postcss-value-parser': [ '4.2.0' ],
21 silly audit   'postgres-range': [ '1.1.4' ],
21 silly audit   'prop-types': [ '15.8.1' ],
21 silly audit   'react-is': [ '16.13.1', '18.3.1' ],
21 silly audit   'proxy-addr': [ '2.0.7' ],
21 silly audit   pseudomap: [ '1.0.2' ],
21 silly audit   qs: [ '6.13.0' ],
21 silly audit   'queue-microtask': [ '1.2.3' ],
21 silly audit   'random-bytes': [ '1.0.0' ],
21 silly audit   'range-parser': [ '1.2.1' ],
21 silly audit   'raw-body': [ '2.5.2' ],
21 silly audit   react: [ '18.3.1' ],
21 silly audit   'react-day-picker': [ '8.10.1' ],
21 silly audit   'react-dom': [ '18.3.1' ],
21 silly audit   'react-hook-form': [ '7.55.0' ],
21 silly audit   'react-icons': [ '5.4.0' ],
21 silly audit   'react-refresh': [ '0.14.2' ],
21 silly audit   'react-remove-scroll': [ '2.6.3' ],
21 silly audit   'react-remove-scroll-bar': [ '2.3.8' ],
21 silly audit   'react-resizable-panels': [ '2.1.7' ],
21 silly audit   'react-smooth': [ '4.0.4' ],
21 silly audit   'react-style-singleton': [ '2.2.3' ],
21 silly audit   'react-transition-group': [ '4.4.5' ],
21 silly audit   'read-cache': [ '1.0.0' ],
21 silly audit   readdirp: [ '3.6.0' ],
21 silly audit   recharts: [ '2.15.2' ],
21 silly audit   'recharts-scale': [ '0.4.5' ],
21 silly audit   'regenerator-runtime': [ '0.14.1' ],
21 silly audit   regexparam: [ '3.0.0' ],
21 silly audit   resolve: [ '1.22.8' ],
21 silly audit   'resolve-pkg-maps': [ '1.0.0' ],
21 silly audit   reusify: [ '1.0.4' ],
21 silly audit   rollup: [ '4.24.4' ],
21 silly audit   'run-parallel': [ '1.2.0' ],
21 silly audit   'safe-buffer': [ '5.2.1' ],
21 silly audit   'safer-buffer': [ '2.1.2' ],
21 silly audit   scheduler: [ '0.23.2' ],
21 silly audit   semver: [ '6.3.1' ],
21 silly audit   send: [ '0.19.0' ],
21 silly audit   'serve-static': [ '1.16.2' ],
21 silly audit   'set-function-length': [ '1.2.2' ],
21 silly audit   setprototypeof: [ '1.2.0' ],
21 silly audit   'shebang-command': [ '2.0.0' ],
21 silly audit   'shebang-regex': [ '3.0.0' ],
21 silly audit   'side-channel': [ '1.0.6' ],
21 silly audit   'signal-exit': [ '4.1.0' ],
21 silly audit   slash: [ '3.0.0' ],
21 silly audit   'source-map': [ '0.6.1' ],
21 silly audit   'source-map-js': [ '1.2.1' ],
21 silly audit   'source-map-support': [ '0.5.21' ],
21 silly audit   split2: [ '4.2.0' ],
21 silly audit   statuses: [ '2.0.1' ],
21 silly audit   'string-width': [ '5.1.2', '4.2.3' ],
21 silly audit   'strip-ansi': [ '6.0.1', '7.1.0' ],
21 silly audit   'strip-outer': [ '1.0.1' ],
21 silly audit   sucrase: [ '3.35.0' ],
21 silly audit   'supports-preserve-symlinks-flag': [ '1.0.0' ],
21 silly audit   'tailwind-merge': [ '2.6.0' ],
21 silly audit   'tailwindcss-animate': [ '1.0.7' ],
21 silly audit   tapable: [ '2.2.1' ],
21 silly audit   thenify: [ '3.3.1' ],
21 silly audit   'thenify-all': [ '1.6.0' ],
21 silly audit   'tiny-invariant': [ '1.3.3' ],
21 silly audit   'to-regex-range': [ '5.0.1' ],
21 silly audit   toidentifier: [ '1.0.1' ],
21 silly audit   'trim-repeated': [ '1.0.0' ],
21 silly audit   'ts-interface-checker': [ '0.1.13' ],
21 silly audit   tslib: [ '2.8.1' ],
21 silly audit   tsx: [ '4.19.2' ],
21 silly audit   'tw-animate-css': [ '1.2.5' ],
21 silly audit   'type-is': [ '1.6.18' ],
21 silly audit   typescript: [ '5.6.3' ],
21 silly audit   'uid-safe': [ '2.1.5' ],
21 silly audit   'undici-types': [ '6.19.8' ],
21 silly audit   universalify: [ '2.0.1' ],
21 silly audit   unpipe: [ '1.0.0' ],
21 silly audit   'update-browserslist-db': [ '1.1.1' ],
21 silly audit   'use-callback-ref': [ '1.3.3' ],
21 silly audit   'use-sidecar': [ '1.1.3' ],
21 silly audit   'use-sync-external-store': [ '1.2.2' ],
21 silly audit   'util-deprecate': [ '1.0.2' ],
21 silly audit   'utils-merge': [ '1.0.1' ],
21 silly audit   vary: [ '1.1.2' ],
21 silly audit   vaul: [ '1.1.2' ],
21 silly audit   'victory-vendor': [ '36.9.2' ],
21 silly audit   vite: [ '5.4.14' ],
21 silly audit   which: [ '2.0.2' ],
21 silly audit   wouter: [ '3.3.5' ],
21 silly audit   'wrap-ansi': [ '8.1.0', '7.0.0' ],
21 silly audit   ws: [ '8.18.0' ],
21 silly audit   xtend: [ '4.0.2' ],
21 silly audit   yaml: [ '2.6.0' ],
21 silly audit   zod: [ '3.24.2' ],
21 silly audit   'zod-validation-error': [ '3.4.0' ],
21 silly audit   'gh-pages': [ '6.3.0' ]
21 silly audit }
22 verbose reify failed optional dependency C:\Users\Mhmtm\OneDrive\Masaüstü\MysteryMentors\node_modules\lightningcss-win32-arm64-msvc
23 silly reify mark deleted [
23 silly reify   'C:\\Users\\Mhmtm\\OneDrive\\Masaüstü\\MysteryMentors\\node_modules\\lightningcss-win32-arm64-msvc'
23 silly reify ]
24 verbose reify failed optional dependency C:\Users\Mhmtm\OneDrive\Masaüstü\MysteryMentors\node_modules\lightningcss-linux-x64-musl
25 silly reify mark deleted [
25 silly reify   'C:\\Users\\Mhmtm\\OneDrive\\Masaüstü\\MysteryMentors\\node_modules\\lightningcss-linux-x64-musl'
25 silly reify ]
26 verbose reify failed optional dependency C:\Users\Mhmtm\OneDrive\Masaüstü\MysteryMentors\node_modules\lightningcss-linux-x64-gnu
27 silly reify mark deleted [
27 silly reify   'C:\\Users\\Mhmtm\\OneDrive\\Masaüstü\\MysteryMentors\\node_modules\\lightningcss-linux-x64-gnu'
27 silly reify ]
28 verbose reify failed optional dependency C:\Users\Mhmtm\OneDrive\Masaüstü\MysteryMentors\node_modules\lightningcss-linux-arm64-musl
29 silly reify mark deleted [
29 silly reify   'C:\\Users\\Mhmtm\\OneDrive\\Masaüstü\\MysteryMentors\\node_modules\\lightningcss-linux-arm64-musl'
29 silly reify ]
30 verbose reify failed optional dependency C:\Users\Mhmtm\OneDrive\Masaüstü\MysteryMentors\node_modules\lightningcss-linux-arm64-gnu
31 silly reify mark deleted [
31 silly reify   'C:\\Users\\Mhmtm\\OneDrive\\Masaüstü\\MysteryMentors\\node_modules\\lightningcss-linux-arm64-gnu'
31 silly reify ]
32 verbose reify failed optional dependency C:\Users\Mhmtm\OneDrive\Masaüstü\MysteryMentors\node_modules\lightningcss-linux-arm-gnueabihf
33 silly reify mark deleted [
33 silly reify   'C:\\Users\\Mhmtm\\OneDrive\\Masaüstü\\MysteryMentors\\node_modules\\lightningcss-linux-arm-gnueabihf'
33 silly reify ]
34 verbose reify failed optional dependency C:\Users\Mhmtm\OneDrive\Masaüstü\MysteryMentors\node_modules\lightningcss-freebsd-x64
35 silly reify mark deleted [
35 silly reify   'C:\\Users\\Mhmtm\\OneDrive\\Masaüstü\\MysteryMentors\\node_modules\\lightningcss-freebsd-x64'
35 silly reify ]
36 verbose reify failed optional dependency C:\Users\Mhmtm\OneDrive\Masaüstü\MysteryMentors\node_modules\lightningcss-darwin-x64
37 silly reify mark deleted [
37 silly reify   'C:\\Users\\Mhmtm\\OneDrive\\Masaüstü\\MysteryMentors\\node_modules\\lightningcss-darwin-x64'
37 silly reify ]
38 verbose reify failed optional dependency C:\Users\Mhmtm\OneDrive\Masaüstü\MysteryMentors\node_modules\lightningcss-darwin-arm64
39 silly reify mark deleted [
39 silly reify   'C:\\Users\\Mhmtm\\OneDrive\\Masaüstü\\MysteryMentors\\node_modules\\lightningcss-darwin-arm64'
39 silly reify ]
40 verbose reify failed optional dependency C:\Users\Mhmtm\OneDrive\Masaüstü\MysteryMentors\node_modules\fsevents
41 silly reify mark deleted [
41 silly reify   'C:\\Users\\Mhmtm\\OneDrive\\Masaüstü\\MysteryMentors\\node_modules\\fsevents'
41 silly reify ]
42 verbose reify failed optional dependency C:\Users\Mhmtm\OneDrive\Masaüstü\MysteryMentors\node_modules\@tailwindcss\oxide-win32-arm64-msvc
43 silly reify mark deleted [
43 silly reify   'C:\\Users\\Mhmtm\\OneDrive\\Masaüstü\\MysteryMentors\\node_modules\\@tailwindcss\\oxide-win32-arm64-msvc'
43 silly reify ]
44 verbose reify failed optional dependency C:\Users\Mhmtm\OneDrive\Masaüstü\MysteryMentors\node_modules\@tailwindcss\oxide-linux-x64-musl
45 silly reify mark deleted [
45 silly reify   'C:\\Users\\Mhmtm\\OneDrive\\Masaüstü\\MysteryMentors\\node_modules\\@tailwindcss\\oxide-linux-x64-musl'
45 silly reify ]
46 verbose reify failed optional dependency C:\Users\Mhmtm\OneDrive\Masaüstü\MysteryMentors\node_modules\@tailwindcss\oxide-linux-x64-gnu
47 silly reify mark deleted [
47 silly reify   'C:\\Users\\Mhmtm\\OneDrive\\Masaüstü\\MysteryMentors\\node_modules\\@tailwindcss\\oxide-linux-x64-gnu'
47 silly reify ]
48 verbose reify failed optional dependency C:\Users\Mhmtm\OneDrive\Masaüstü\MysteryMentors\node_modules\@tailwindcss\oxide-linux-arm64-musl
49 silly reify mark deleted [
49 silly reify   'C:\\Users\\Mhmtm\\OneDrive\\Masaüstü\\MysteryMentors\\node_modules\\@tailwindcss\\oxide-linux-arm64-musl'
49 silly reify ]
50 verbose reify failed optional dependency C:\Users\Mhmtm\OneDrive\Masaüstü\MysteryMentors\node_modules\@tailwindcss\oxide-linux-arm64-gnu
51 silly reify mark deleted [
51 silly reify   'C:\\Users\\Mhmtm\\OneDrive\\Masaüstü\\MysteryMentors\\node_modules\\@tailwindcss\\oxide-linux-arm64-gnu'
51 silly reify ]
52 verbose reify failed optional dependency C:\Users\Mhmtm\OneDrive\Masaüstü\MysteryMentors\node_modules\@tailwindcss\oxide-linux-arm-gnueabihf
53 silly reify mark deleted [
53 silly reify   'C:\\Users\\Mhmtm\\OneDrive\\Masaüstü\\MysteryMentors\\node_modules\\@tailwindcss\\oxide-linux-arm-gnueabihf'
53 silly reify ]
54 verbose reify failed optional dependency C:\Users\Mhmtm\OneDrive\Masaüstü\MysteryMentors\node_modules\@tailwindcss\oxide-freebsd-x64
55 silly reify mark deleted [
55 silly reify   'C:\\Users\\Mhmtm\\OneDrive\\Masaüstü\\MysteryMentors\\node_modules\\@tailwindcss\\oxide-freebsd-x64'
55 silly reify ]
56 verbose reify failed optional dependency C:\Users\Mhmtm\OneDrive\Masaüstü\MysteryMentors\node_modules\@tailwindcss\oxide-darwin-x64
57 silly reify mark deleted [
57 silly reify   'C:\\Users\\Mhmtm\\OneDrive\\Masaüstü\\MysteryMentors\\node_modules\\@tailwindcss\\oxide-darwin-x64'
57 silly reify ]
58 verbose reify failed optional dependency C:\Users\Mhmtm\OneDrive\Masaüstü\MysteryMentors\node_modules\@tailwindcss\oxide-darwin-arm64
59 silly reify mark deleted [
59 silly reify   'C:\\Users\\Mhmtm\\OneDrive\\Masaüstü\\MysteryMentors\\node_modules\\@tailwindcss\\oxide-darwin-arm64'
59 silly reify ]
60 verbose reify failed optional dependency C:\Users\Mhmtm\OneDrive\Masaüstü\MysteryMentors\node_modules\@tailwindcss\oxide-android-arm64
61 silly reify mark deleted [
61 silly reify   'C:\\Users\\Mhmtm\\OneDrive\\Masaüstü\\MysteryMentors\\node_modules\\@tailwindcss\\oxide-android-arm64'
61 silly reify ]
62 verbose reify failed optional dependency C:\Users\Mhmtm\OneDrive\Masaüstü\MysteryMentors\node_modules\@rollup\rollup-win32-ia32-msvc
63 silly reify mark deleted [
63 silly reify   'C:\\Users\\Mhmtm\\OneDrive\\Masaüstü\\MysteryMentors\\node_modules\\@rollup\\rollup-win32-ia32-msvc'
63 silly reify ]
64 verbose reify failed optional dependency C:\Users\Mhmtm\OneDrive\Masaüstü\MysteryMentors\node_modules\@rollup\rollup-win32-arm64-msvc
65 silly reify mark deleted [
65 silly reify   'C:\\Users\\Mhmtm\\OneDrive\\Masaüstü\\MysteryMentors\\node_modules\\@rollup\\rollup-win32-arm64-msvc'
65 silly reify ]
66 verbose reify failed optional dependency C:\Users\Mhmtm\OneDrive\Masaüstü\MysteryMentors\node_modules\@rollup\rollup-linux-x64-musl
67 silly reify mark deleted [
67 silly reify   'C:\\Users\\Mhmtm\\OneDrive\\Masaüstü\\MysteryMentors\\node_modules\\@rollup\\rollup-linux-x64-musl'
67 silly reify ]
68 verbose reify failed optional dependency C:\Users\Mhmtm\OneDrive\Masaüstü\MysteryMentors\node_modules\@rollup\rollup-linux-x64-gnu
69 silly reify mark deleted [
69 silly reify   'C:\\Users\\Mhmtm\\OneDrive\\Masaüstü\\MysteryMentors\\node_modules\\@rollup\\rollup-linux-x64-gnu'
69 silly reify ]
70 verbose reify failed optional dependency C:\Users\Mhmtm\OneDrive\Masaüstü\MysteryMentors\node_modules\@rollup\rollup-linux-s390x-gnu
71 silly reify mark deleted [
71 silly reify   'C:\\Users\\Mhmtm\\OneDrive\\Masaüstü\\MysteryMentors\\node_modules\\@rollup\\rollup-linux-s390x-gnu'
71 silly reify ]
72 verbose reify failed optional dependency C:\Users\Mhmtm\OneDrive\Masaüstü\MysteryMentors\node_modules\@rollup\rollup-linux-riscv64-gnu
73 silly reify mark deleted [
73 silly reify   'C:\\Users\\Mhmtm\\OneDrive\\Masaüstü\\MysteryMentors\\node_modules\\@rollup\\rollup-linux-riscv64-gnu'
73 silly reify ]
74 verbose reify failed optional dependency C:\Users\Mhmtm\OneDrive\Masaüstü\MysteryMentors\node_modules\@rollup\rollup-linux-powerpc64le-gnu
75 silly reify mark deleted [
75 silly reify   'C:\\Users\\Mhmtm\\OneDrive\\Masaüstü\\MysteryMentors\\node_modules\\@rollup\\rollup-linux-powerpc64le-gnu'
75 silly reify ]
76 verbose reify failed optional dependency C:\Users\Mhmtm\OneDrive\Masaüstü\MysteryMentors\node_modules\@rollup\rollup-linux-arm64-musl
77 silly reify mark deleted [
77 silly reify   'C:\\Users\\Mhmtm\\OneDrive\\Masaüstü\\MysteryMentors\\node_modules\\@rollup\\rollup-linux-arm64-musl'
77 silly reify ]
78 verbose reify failed optional dependency C:\Users\Mhmtm\OneDrive\Masaüstü\MysteryMentors\node_modules\@rollup\rollup-linux-arm64-gnu
79 silly reify mark deleted [
79 silly reify   'C:\\Users\\Mhmtm\\OneDrive\\Masaüstü\\MysteryMentors\\node_modules\\@rollup\\rollup-linux-arm64-gnu'
79 silly reify ]
80 verbose reify failed optional dependency C:\Users\Mhmtm\OneDrive\Masaüstü\MysteryMentors\node_modules\@rollup\rollup-linux-arm-musleabihf
81 silly reify mark deleted [
81 silly reify   'C:\\Users\\Mhmtm\\OneDrive\\Masaüstü\\MysteryMentors\\node_modules\\@rollup\\rollup-linux-arm-musleabihf'
81 silly reify ]
82 verbose reify failed optional dependency C:\Users\Mhmtm\OneDrive\Masaüstü\MysteryMentors\node_modules\@rollup\rollup-linux-arm-gnueabihf
83 silly reify mark deleted [
83 silly reify   'C:\\Users\\Mhmtm\\OneDrive\\Masaüstü\\MysteryMentors\\node_modules\\@rollup\\rollup-linux-arm-gnueabihf'
83 silly reify ]
84 verbose reify failed optional dependency C:\Users\Mhmtm\OneDrive\Masaüstü\MysteryMentors\node_modules\@rollup\rollup-freebsd-x64
85 silly reify mark deleted [
85 silly reify   'C:\\Users\\Mhmtm\\OneDrive\\Masaüstü\\MysteryMentors\\node_modules\\@rollup\\rollup-freebsd-x64'
85 silly reify ]
86 verbose reify failed optional dependency C:\Users\Mhmtm\OneDrive\Masaüstü\MysteryMentors\node_modules\@rollup\rollup-freebsd-arm64
87 silly reify mark deleted [
87 silly reify   'C:\\Users\\Mhmtm\\OneDrive\\Masaüstü\\MysteryMentors\\node_modules\\@rollup\\rollup-freebsd-arm64'
87 silly reify ]
88 verbose reify failed optional dependency C:\Users\Mhmtm\OneDrive\Masaüstü\MysteryMentors\node_modules\@rollup\rollup-darwin-x64
89 silly reify mark deleted [
89 silly reify   'C:\\Users\\Mhmtm\\OneDrive\\Masaüstü\\MysteryMentors\\node_modules\\@rollup\\rollup-darwin-x64'
89 silly reify ]
90 verbose reify failed optional dependency C:\Users\Mhmtm\OneDrive\Masaüstü\MysteryMentors\node_modules\@rollup\rollup-darwin-arm64
91 silly reify mark deleted [
91 silly reify   'C:\\Users\\Mhmtm\\OneDrive\\Masaüstü\\MysteryMentors\\node_modules\\@rollup\\rollup-darwin-arm64'
91 silly reify ]
92 verbose reify failed optional dependency C:\Users\Mhmtm\OneDrive\Masaüstü\MysteryMentors\node_modules\@rollup\rollup-android-arm64
93 silly reify mark deleted [
93 silly reify   'C:\\Users\\Mhmtm\\OneDrive\\Masaüstü\\MysteryMentors\\node_modules\\@rollup\\rollup-android-arm64'
93 silly reify ]
94 verbose reify failed optional dependency C:\Users\Mhmtm\OneDrive\Masaüstü\MysteryMentors\node_modules\@rollup\rollup-android-arm-eabi
95 silly reify mark deleted [
95 silly reify   'C:\\Users\\Mhmtm\\OneDrive\\Masaüstü\\MysteryMentors\\node_modules\\@rollup\\rollup-android-arm-eabi'
95 silly reify ]
96 verbose reify failed optional dependency C:\Users\Mhmtm\OneDrive\Masaüstü\MysteryMentors\node_modules\@esbuild\win32-ia32
97 silly reify mark deleted [
97 silly reify   'C:\\Users\\Mhmtm\\OneDrive\\Masaüstü\\MysteryMentors\\node_modules\\@esbuild\\win32-ia32'
97 silly reify ]
98 verbose reify failed optional dependency C:\Users\Mhmtm\OneDrive\Masaüstü\MysteryMentors\node_modules\@esbuild\win32-arm64
99 silly reify mark deleted [
99 silly reify   'C:\\Users\\Mhmtm\\OneDrive\\Masaüstü\\MysteryMentors\\node_modules\\@esbuild\\win32-arm64'
99 silly reify ]
100 verbose reify failed optional dependency C:\Users\Mhmtm\OneDrive\Masaüstü\MysteryMentors\node_modules\@esbuild\sunos-x64
101 silly reify mark deleted [
101 silly reify   'C:\\Users\\Mhmtm\\OneDrive\\Masaüstü\\MysteryMentors\\node_modules\\@esbuild\\sunos-x64'
101 silly reify ]
102 verbose reify failed optional dependency C:\Users\Mhmtm\OneDrive\Masaüstü\MysteryMentors\node_modules\@esbuild\openbsd-x64
103 silly reify mark deleted [
103 silly reify   'C:\\Users\\Mhmtm\\OneDrive\\Masaüstü\\MysteryMentors\\node_modules\\@esbuild\\openbsd-x64'
103 silly reify ]
104 verbose reify failed optional dependency C:\Users\Mhmtm\OneDrive\Masaüstü\MysteryMentors\node_modules\@esbuild\openbsd-arm64
105 silly reify mark deleted [
105 silly reify   'C:\\Users\\Mhmtm\\OneDrive\\Masaüstü\\MysteryMentors\\node_modules\\@esbuild\\openbsd-arm64'
105 silly reify ]
106 verbose reify failed optional dependency C:\Users\Mhmtm\OneDrive\Masaüstü\MysteryMentors\node_modules\@esbuild\netbsd-x64
107 silly reify mark deleted [
107 silly reify   'C:\\Users\\Mhmtm\\OneDrive\\Masaüstü\\MysteryMentors\\node_modules\\@esbuild\\netbsd-x64'
107 silly reify ]
108 verbose reify failed optional dependency C:\Users\Mhmtm\OneDrive\Masaüstü\MysteryMentors\node_modules\@esbuild\netbsd-arm64
109 silly reify mark deleted [
109 silly reify   'C:\\Users\\Mhmtm\\OneDrive\\Masaüstü\\MysteryMentors\\node_modules\\@esbuild\\netbsd-arm64'
109 silly reify ]
110 verbose reify failed optional dependency C:\Users\Mhmtm\OneDrive\Masaüstü\MysteryMentors\node_modules\@esbuild\linux-x64
111 silly reify mark deleted [
111 silly reify   'C:\\Users\\Mhmtm\\OneDrive\\Masaüstü\\MysteryMentors\\node_modules\\@esbuild\\linux-x64'
111 silly reify ]
112 verbose reify failed optional dependency C:\Users\Mhmtm\OneDrive\Masaüstü\MysteryMentors\node_modules\@esbuild\linux-s390x
113 silly reify mark deleted [
113 silly reify   'C:\\Users\\Mhmtm\\OneDrive\\Masaüstü\\MysteryMentors\\node_modules\\@esbuild\\linux-s390x'
113 silly reify ]
114 verbose reify failed optional dependency C:\Users\Mhmtm\OneDrive\Masaüstü\MysteryMentors\node_modules\@esbuild\linux-riscv64
115 silly reify mark deleted [
115 silly reify   'C:\\Users\\Mhmtm\\OneDrive\\Masaüstü\\MysteryMentors\\node_modules\\@esbuild\\linux-riscv64'
115 silly reify ]
116 verbose reify failed optional dependency C:\Users\Mhmtm\OneDrive\Masaüstü\MysteryMentors\node_modules\@esbuild\linux-ppc64
117 silly reify mark deleted [
117 silly reify   'C:\\Users\\Mhmtm\\OneDrive\\Masaüstü\\MysteryMentors\\node_modules\\@esbuild\\linux-ppc64'
117 silly reify ]
118 verbose reify failed optional dependency C:\Users\Mhmtm\OneDrive\Masaüstü\MysteryMentors\node_modules\@esbuild\linux-mips64el
119 silly reify mark deleted [
119 silly reify   'C:\\Users\\Mhmtm\\OneDrive\\Masaüstü\\MysteryMentors\\node_modules\\@esbuild\\linux-mips64el'
119 silly reify ]
120 verbose reify failed optional dependency C:\Users\Mhmtm\OneDrive\Masaüstü\MysteryMentors\node_modules\@esbuild\linux-loong64
121 silly reify mark deleted [
121 silly reify   'C:\\Users\\Mhmtm\\OneDrive\\Masaüstü\\MysteryMentors\\node_modules\\@esbuild\\linux-loong64'
121 silly reify ]
122 verbose reify failed optional dependency C:\Users\Mhmtm\OneDrive\Masaüstü\MysteryMentors\node_modules\@esbuild\linux-ia32
123 silly reify mark deleted [
123 silly reify   'C:\\Users\\Mhmtm\\OneDrive\\Masaüstü\\MysteryMentors\\node_modules\\@esbuild\\linux-ia32'
123 silly reify ]
124 verbose reify failed optional dependency C:\Users\Mhmtm\OneDrive\Masaüstü\MysteryMentors\node_modules\@esbuild\linux-arm64
125 silly reify mark deleted [
125 silly reify   'C:\\Users\\Mhmtm\\OneDrive\\Masaüstü\\MysteryMentors\\node_modules\\@esbuild\\linux-arm64'
125 silly reify ]
126 verbose reify failed optional dependency C:\Users\Mhmtm\OneDrive\Masaüstü\MysteryMentors\node_modules\@esbuild\linux-arm
127 silly reify mark deleted [
127 silly reify   'C:\\Users\\Mhmtm\\OneDrive\\Masaüstü\\MysteryMentors\\node_modules\\@esbuild\\linux-arm'
127 silly reify ]
128 verbose reify failed optional dependency C:\Users\Mhmtm\OneDrive\Masaüstü\MysteryMentors\node_modules\@esbuild\freebsd-x64
129 silly reify mark deleted [
129 silly reify   'C:\\Users\\Mhmtm\\OneDrive\\Masaüstü\\MysteryMentors\\node_modules\\@esbuild\\freebsd-x64'
129 silly reify ]
130 verbose reify failed optional dependency C:\Users\Mhmtm\OneDrive\Masaüstü\MysteryMentors\node_modules\@esbuild\freebsd-arm64
131 silly reify mark deleted [
131 silly reify   'C:\\Users\\Mhmtm\\OneDrive\\Masaüstü\\MysteryMentors\\node_modules\\@esbuild\\freebsd-arm64'
131 silly reify ]
132 verbose reify failed optional dependency C:\Users\Mhmtm\OneDrive\Masaüstü\MysteryMentors\node_modules\@esbuild\darwin-x64
133 silly reify mark deleted [
133 silly reify   'C:\\Users\\Mhmtm\\OneDrive\\Masaüstü\\MysteryMentors\\node_modules\\@esbuild\\darwin-x64'
133 silly reify ]
134 verbose reify failed optional dependency C:\Users\Mhmtm\OneDrive\Masaüstü\MysteryMentors\node_modules\@esbuild\darwin-arm64
135 silly reify mark deleted [
135 silly reify   'C:\\Users\\Mhmtm\\OneDrive\\Masaüstü\\MysteryMentors\\node_modules\\@esbuild\\darwin-arm64'
135 silly reify ]
136 verbose reify failed optional dependency C:\Users\Mhmtm\OneDrive\Masaüstü\MysteryMentors\node_modules\@esbuild\android-x64
137 silly reify mark deleted [
137 silly reify   'C:\\Users\\Mhmtm\\OneDrive\\Masaüstü\\MysteryMentors\\node_modules\\@esbuild\\android-x64'
137 silly reify ]
138 verbose reify failed optional dependency C:\Users\Mhmtm\OneDrive\Masaüstü\MysteryMentors\node_modules\@esbuild\android-arm64
139 silly reify mark deleted [
139 silly reify   'C:\\Users\\Mhmtm\\OneDrive\\Masaüstü\\MysteryMentors\\node_modules\\@esbuild\\android-arm64'
139 silly reify ]
140 verbose reify failed optional dependency C:\Users\Mhmtm\OneDrive\Masaüstü\MysteryMentors\node_modules\@esbuild\android-arm
141 silly reify mark deleted [
141 silly reify   'C:\\Users\\Mhmtm\\OneDrive\\Masaüstü\\MysteryMentors\\node_modules\\@esbuild\\android-arm'
141 silly reify ]
142 verbose reify failed optional dependency C:\Users\Mhmtm\OneDrive\Masaüstü\MysteryMentors\node_modules\@esbuild\aix-ppc64
143 silly reify mark deleted [
143 silly reify   'C:\\Users\\Mhmtm\\OneDrive\\Masaüstü\\MysteryMentors\\node_modules\\@esbuild\\aix-ppc64'
143 silly reify ]
144 verbose reify failed optional dependency C:\Users\Mhmtm\OneDrive\Masaüstü\MysteryMentors\node_modules\@esbuild-kit\core-utils\node_modules\@esbuild\win32-ia32
145 silly reify mark deleted [
145 silly reify   'C:\\Users\\Mhmtm\\OneDrive\\Masaüstü\\MysteryMentors\\node_modules\\@esbuild-kit\\core-utils\\node_modules\\@esbuild\\win32-ia32'
145 silly reify ]
146 verbose reify failed optional dependency C:\Users\Mhmtm\OneDrive\Masaüstü\MysteryMentors\node_modules\@esbuild-kit\core-utils\node_modules\@esbuild\win32-arm64
147 silly reify mark deleted [
147 silly reify   'C:\\Users\\Mhmtm\\OneDrive\\Masaüstü\\MysteryMentors\\node_modules\\@esbuild-kit\\core-utils\\node_modules\\@esbuild\\win32-arm64'
147 silly reify ]
148 verbose reify failed optional dependency C:\Users\Mhmtm\OneDrive\Masaüstü\MysteryMentors\node_modules\@esbuild-kit\core-utils\node_modules\@esbuild\sunos-x64
149 silly reify mark deleted [
149 silly reify   'C:\\Users\\Mhmtm\\OneDrive\\Masaüstü\\MysteryMentors\\node_modules\\@esbuild-kit\\core-utils\\node_modules\\@esbuild\\sunos-x64'
149 silly reify ]
150 verbose reify failed optional dependency C:\Users\Mhmtm\OneDrive\Masaüstü\MysteryMentors\node_modules\@esbuild-kit\core-utils\node_modules\@esbuild\openbsd-x64
151 silly reify mark deleted [
151 silly reify   'C:\\Users\\Mhmtm\\OneDrive\\Masaüstü\\MysteryMentors\\node_modules\\@esbuild-kit\\core-utils\\node_modules\\@esbuild\\openbsd-x64'
151 silly reify ]
152 verbose reify failed optional dependency C:\Users\Mhmtm\OneDrive\Masaüstü\MysteryMentors\node_modules\@esbuild-kit\core-utils\node_modules\@esbuild\netbsd-x64
153 silly reify mark deleted [
153 silly reify   'C:\\Users\\Mhmtm\\OneDrive\\Masaüstü\\MysteryMentors\\node_modules\\@esbuild-kit\\core-utils\\node_modules\\@esbuild\\netbsd-x64'
153 silly reify ]
154 verbose reify failed optional dependency C:\Users\Mhmtm\OneDrive\Masaüstü\MysteryMentors\node_modules\@esbuild-kit\core-utils\node_modules\@esbuild\linux-x64
155 silly reify mark deleted [
155 silly reify   'C:\\Users\\Mhmtm\\OneDrive\\Masaüstü\\MysteryMentors\\node_modules\\@esbuild-kit\\core-utils\\node_modules\\@esbuild\\linux-x64'
155 silly reify ]
156 verbose reify failed optional dependency C:\Users\Mhmtm\OneDrive\Masaüstü\MysteryMentors\node_modules\@esbuild-kit\core-utils\node_modules\@esbuild\linux-s390x
157 silly reify mark deleted [
157 silly reify   'C:\\Users\\Mhmtm\\OneDrive\\Masaüstü\\MysteryMentors\\node_modules\\@esbuild-kit\\core-utils\\node_modules\\@esbuild\\linux-s390x'
157 silly reify ]
158 verbose reify failed optional dependency C:\Users\Mhmtm\OneDrive\Masaüstü\MysteryMentors\node_modules\@esbuild-kit\core-utils\node_modules\@esbuild\linux-riscv64
159 silly reify mark deleted [
159 silly reify   'C:\\Users\\Mhmtm\\OneDrive\\Masaüstü\\MysteryMentors\\node_modules\\@esbuild-kit\\core-utils\\node_modules\\@esbuild\\linux-riscv64'
159 silly reify ]
160 verbose reify failed optional dependency C:\Users\Mhmtm\OneDrive\Masaüstü\MysteryMentors\node_modules\@esbuild-kit\core-utils\node_modules\@esbuild\linux-ppc64
161 silly reify mark deleted [
161 silly reify   'C:\\Users\\Mhmtm\\OneDrive\\Masaüstü\\MysteryMentors\\node_modules\\@esbuild-kit\\core-utils\\node_modules\\@esbuild\\linux-ppc64'
161 silly reify ]
162 verbose reify failed optional dependency C:\Users\Mhmtm\OneDrive\Masaüstü\MysteryMentors\node_modules\@esbuild-kit\core-utils\node_modules\@esbuild\linux-mips64el
163 silly reify mark deleted [
163 silly reify   'C:\\Users\\Mhmtm\\OneDrive\\Masaüstü\\MysteryMentors\\node_modules\\@esbuild-kit\\core-utils\\node_modules\\@esbuild\\linux-mips64el'
163 silly reify ]
164 verbose reify failed optional dependency C:\Users\Mhmtm\OneDrive\Masaüstü\MysteryMentors\node_modules\@esbuild-kit\core-utils\node_modules\@esbuild\linux-loong64
165 silly reify mark deleted [
165 silly reify   'C:\\Users\\Mhmtm\\OneDrive\\Masaüstü\\MysteryMentors\\node_modules\\@esbuild-kit\\core-utils\\node_modules\\@esbuild\\linux-loong64'
165 silly reify ]
166 verbose reify failed optional dependency C:\Users\Mhmtm\OneDrive\Masaüstü\MysteryMentors\node_modules\@esbuild-kit\core-utils\node_modules\@esbuild\linux-ia32
167 silly reify mark deleted [
167 silly reify   'C:\\Users\\Mhmtm\\OneDrive\\Masaüstü\\MysteryMentors\\node_modules\\@esbuild-kit\\core-utils\\node_modules\\@esbuild\\linux-ia32'
167 silly reify ]
168 verbose reify failed optional dependency C:\Users\Mhmtm\OneDrive\Masaüstü\MysteryMentors\node_modules\@esbuild-kit\core-utils\node_modules\@esbuild\linux-arm64
169 silly reify mark deleted [
169 silly reify   'C:\\Users\\Mhmtm\\OneDrive\\Masaüstü\\MysteryMentors\\node_modules\\@esbuild-kit\\core-utils\\node_modules\\@esbuild\\linux-arm64'
169 silly reify ]
170 verbose reify failed optional dependency C:\Users\Mhmtm\OneDrive\Masaüstü\MysteryMentors\node_modules\@esbuild-kit\core-utils\node_modules\@esbuild\linux-arm
171 silly reify mark deleted [
171 silly reify   'C:\\Users\\Mhmtm\\OneDrive\\Masaüstü\\MysteryMentors\\node_modules\\@esbuild-kit\\core-utils\\node_modules\\@esbuild\\linux-arm'
171 silly reify ]
172 verbose reify failed optional dependency C:\Users\Mhmtm\OneDrive\Masaüstü\MysteryMentors\node_modules\@esbuild-kit\core-utils\node_modules\@esbuild\freebsd-x64
173 silly reify mark deleted [
173 silly reify   'C:\\Users\\Mhmtm\\OneDrive\\Masaüstü\\MysteryMentors\\node_modules\\@esbuild-kit\\core-utils\\node_modules\\@esbuild\\freebsd-x64'
173 silly reify ]
174 verbose reify failed optional dependency C:\Users\Mhmtm\OneDrive\Masaüstü\MysteryMentors\node_modules\@esbuild-kit\core-utils\node_modules\@esbuild\freebsd-arm64
175 silly reify mark deleted [
175 silly reify   'C:\\Users\\Mhmtm\\OneDrive\\Masaüstü\\MysteryMentors\\node_modules\\@esbuild-kit\\core-utils\\node_modules\\@esbuild\\freebsd-arm64'
175 silly reify ]
176 verbose reify failed optional dependency C:\Users\Mhmtm\OneDrive\Masaüstü\MysteryMentors\node_modules\@esbuild-kit\core-utils\node_modules\@esbuild\darwin-x64
177 silly reify mark deleted [
177 silly reify   'C:\\Users\\Mhmtm\\OneDrive\\Masaüstü\\MysteryMentors\\node_modules\\@esbuild-kit\\core-utils\\node_modules\\@esbuild\\darwin-x64'
177 silly reify ]
178 verbose reify failed optional dependency C:\Users\Mhmtm\OneDrive\Masaüstü\MysteryMentors\node_modules\@esbuild-kit\core-utils\node_modules\@esbuild\darwin-arm64
179 silly reify mark deleted [
179 silly reify   'C:\\Users\\Mhmtm\\OneDrive\\Masaüstü\\MysteryMentors\\node_modules\\@esbuild-kit\\core-utils\\node_modules\\@esbuild\\darwin-arm64'
179 silly reify ]
180 verbose reify failed optional dependency C:\Users\Mhmtm\OneDrive\Masaüstü\MysteryMentors\node_modules\@esbuild-kit\core-utils\node_modules\@esbuild\android-x64
181 silly reify mark deleted [
181 silly reify   'C:\\Users\\Mhmtm\\OneDrive\\Masaüstü\\MysteryMentors\\node_modules\\@esbuild-kit\\core-utils\\node_modules\\@esbuild\\android-x64'
181 silly reify ]
182 verbose reify failed optional dependency C:\Users\Mhmtm\OneDrive\Masaüstü\MysteryMentors\node_modules\@esbuild-kit\core-utils\node_modules\@esbuild\android-arm64
183 silly reify mark deleted [
183 silly reify   'C:\\Users\\Mhmtm\\OneDrive\\Masaüstü\\MysteryMentors\\node_modules\\@esbuild-kit\\core-utils\\node_modules\\@esbuild\\android-arm64'
183 silly reify ]
184 verbose reify failed optional dependency C:\Users\Mhmtm\OneDrive\Masaüstü\MysteryMentors\node_modules\@esbuild-kit\core-utils\node_modules\@esbuild\android-arm
185 silly reify mark deleted [
185 silly reify   'C:\\Users\\Mhmtm\\OneDrive\\Masaüstü\\MysteryMentors\\node_modules\\@esbuild-kit\\core-utils\\node_modules\\@esbuild\\android-arm'
185 silly reify ]
186 verbose reify failed optional dependency C:\Users\Mhmtm\OneDrive\Masaüstü\MysteryMentors\node_modules\vite\node_modules\@esbuild\win32-ia32
187 silly reify mark deleted [
187 silly reify   'C:\\Users\\Mhmtm\\OneDrive\\Masaüstü\\MysteryMentors\\node_modules\\vite\\node_modules\\@esbuild\\win32-ia32'
187 silly reify ]
188 verbose reify failed optional dependency C:\Users\Mhmtm\OneDrive\Masaüstü\MysteryMentors\node_modules\vite\node_modules\@esbuild\win32-arm64
189 silly reify mark deleted [
189 silly reify   'C:\\Users\\Mhmtm\\OneDrive\\Masaüstü\\MysteryMentors\\node_modules\\vite\\node_modules\\@esbuild\\win32-arm64'
189 silly reify ]
190 verbose reify failed optional dependency C:\Users\Mhmtm\OneDrive\Masaüstü\MysteryMentors\node_modules\vite\node_modules\@esbuild\sunos-x64
191 silly reify mark deleted [
191 silly reify   'C:\\Users\\Mhmtm\\OneDrive\\Masaüstü\\MysteryMentors\\node_modules\\vite\\node_modules\\@esbuild\\sunos-x64'
191 silly reify ]
192 verbose reify failed optional dependency C:\Users\Mhmtm\OneDrive\Masaüstü\MysteryMentors\node_modules\vite\node_modules\@esbuild\openbsd-x64
193 silly reify mark deleted [
193 silly reify   'C:\\Users\\Mhmtm\\OneDrive\\Masaüstü\\MysteryMentors\\node_modules\\vite\\node_modules\\@esbuild\\openbsd-x64'
193 silly reify ]
194 verbose reify failed optional dependency C:\Users\Mhmtm\OneDrive\Masaüstü\MysteryMentors\node_modules\vite\node_modules\@esbuild\netbsd-x64
195 silly reify mark deleted [
195 silly reify   'C:\\Users\\Mhmtm\\OneDrive\\Masaüstü\\MysteryMentors\\node_modules\\vite\\node_modules\\@esbuild\\netbsd-x64'
195 silly reify ]
196 verbose reify failed optional dependency C:\Users\Mhmtm\OneDrive\Masaüstü\MysteryMentors\node_modules\vite\node_modules\@esbuild\linux-x64
197 silly reify mark deleted [
197 silly reify   'C:\\Users\\Mhmtm\\OneDrive\\Masaüstü\\MysteryMentors\\node_modules\\vite\\node_modules\\@esbuild\\linux-x64'
197 silly reify ]
198 verbose reify failed optional dependency C:\Users\Mhmtm\OneDrive\Masaüstü\MysteryMentors\node_modules\vite\node_modules\@esbuild\linux-s390x
199 silly reify mark deleted [
199 silly reify   'C:\\Users\\Mhmtm\\OneDrive\\Masaüstü\\MysteryMentors\\node_modules\\vite\\node_modules\\@esbuild\\linux-s390x'
199 silly reify ]
200 verbose reify failed optional dependency C:\Users\Mhmtm\OneDrive\Masaüstü\MysteryMentors\node_modules\vite\node_modules\@esbuild\linux-riscv64
201 silly reify mark deleted [
201 silly reify   'C:\\Users\\Mhmtm\\OneDrive\\Masaüstü\\MysteryMentors\\node_modules\\vite\\node_modules\\@esbuild\\linux-riscv64'
201 silly reify ]
202 verbose reify failed optional dependency C:\Users\Mhmtm\OneDrive\Masaüstü\MysteryMentors\node_modules\vite\node_modules\@esbuild\linux-ppc64
203 silly reify mark deleted [
203 silly reify   'C:\\Users\\Mhmtm\\OneDrive\\Masaüstü\\MysteryMentors\\node_modules\\vite\\node_modules\\@esbuild\\linux-ppc64'
203 silly reify ]
204 verbose reify failed optional dependency C:\Users\Mhmtm\OneDrive\Masaüstü\MysteryMentors\node_modules\vite\node_modules\@esbuild\linux-mips64el
205 silly reify mark deleted [
205 silly reify   'C:\\Users\\Mhmtm\\OneDrive\\Masaüstü\\MysteryMentors\\node_modules\\vite\\node_modules\\@esbuild\\linux-mips64el'
205 silly reify ]
206 verbose reify failed optional dependency C:\Users\Mhmtm\OneDrive\Masaüstü\MysteryMentors\node_modules\vite\node_modules\@esbuild\linux-loong64
207 silly reify mark deleted [
207 silly reify   'C:\\Users\\Mhmtm\\OneDrive\\Masaüstü\\MysteryMentors\\node_modules\\vite\\node_modules\\@esbuild\\linux-loong64'
207 silly reify ]
208 verbose reify failed optional dependency C:\Users\Mhmtm\OneDrive\Masaüstü\MysteryMentors\node_modules\vite\node_modules\@esbuild\linux-ia32
209 silly reify mark deleted [
209 silly reify   'C:\\Users\\Mhmtm\\OneDrive\\Masaüstü\\MysteryMentors\\node_modules\\vite\\node_modules\\@esbuild\\linux-ia32'
209 silly reify ]
210 verbose reify failed optional dependency C:\Users\Mhmtm\OneDrive\Masaüstü\MysteryMentors\node_modules\vite\node_modules\@esbuild\linux-arm64
211 silly reify mark deleted [
211 silly reify   'C:\\Users\\Mhmtm\\OneDrive\\Masaüstü\\MysteryMentors\\node_modules\\vite\\node_modules\\@esbuild\\linux-arm64'
211 silly reify ]
212 verbose reify failed optional dependency C:\Users\Mhmtm\OneDrive\Masaüstü\MysteryMentors\node_modules\vite\node_modules\@esbuild\linux-arm
213 silly reify mark deleted [
213 silly reify   'C:\\Users\\Mhmtm\\OneDrive\\Masaüstü\\MysteryMentors\\node_modules\\vite\\node_modules\\@esbuild\\linux-arm'
213 silly reify ]
214 verbose reify failed optional dependency C:\Users\Mhmtm\OneDrive\Masaüstü\MysteryMentors\node_modules\vite\node_modules\@esbuild\freebsd-x64
215 silly reify mark deleted [
215 silly reify   'C:\\Users\\Mhmtm\\OneDrive\\Masaüstü\\MysteryMentors\\node_modules\\vite\\node_modules\\@esbuild\\freebsd-x64'
215 silly reify ]
216 verbose reify failed optional dependency C:\Users\Mhmtm\OneDrive\Masaüstü\MysteryMentors\node_modules\vite\node_modules\@esbuild\freebsd-arm64
217 silly reify mark deleted [
217 silly reify   'C:\\Users\\Mhmtm\\OneDrive\\Masaüstü\\MysteryMentors\\node_modules\\vite\\node_modules\\@esbuild\\freebsd-arm64'
217 silly reify ]
218 verbose reify failed optional dependency C:\Users\Mhmtm\OneDrive\Masaüstü\MysteryMentors\node_modules\vite\node_modules\@esbuild\darwin-x64
219 silly reify mark deleted [
219 silly reify   'C:\\Users\\Mhmtm\\OneDrive\\Masaüstü\\MysteryMentors\\node_modules\\vite\\node_modules\\@esbuild\\darwin-x64'
219 silly reify ]
220 verbose reify failed optional dependency C:\Users\Mhmtm\OneDrive\Masaüstü\MysteryMentors\node_modules\vite\node_modules\@esbuild\darwin-arm64
221 silly reify mark deleted [
221 silly reify   'C:\\Users\\Mhmtm\\OneDrive\\Masaüstü\\MysteryMentors\\node_modules\\vite\\node_modules\\@esbuild\\darwin-arm64'
221 silly reify ]
222 verbose reify failed optional dependency C:\Users\Mhmtm\OneDrive\Masaüstü\MysteryMentors\node_modules\vite\node_modules\@esbuild\android-x64
223 silly reify mark deleted [
223 silly reify   'C:\\Users\\Mhmtm\\OneDrive\\Masaüstü\\MysteryMentors\\node_modules\\vite\\node_modules\\@esbuild\\android-x64'
223 silly reify ]
224 verbose reify failed optional dependency C:\Users\Mhmtm\OneDrive\Masaüstü\MysteryMentors\node_modules\vite\node_modules\@esbuild\android-arm64
225 silly reify mark deleted [
225 silly reify   'C:\\Users\\Mhmtm\\OneDrive\\Masaüstü\\MysteryMentors\\node_modules\\vite\\node_modules\\@esbuild\\android-arm64'
225 silly reify ]
226 verbose reify failed optional dependency C:\Users\Mhmtm\OneDrive\Masaüstü\MysteryMentors\node_modules\vite\node_modules\@esbuild\android-arm
227 silly reify mark deleted [
227 silly reify   'C:\\Users\\Mhmtm\\OneDrive\\Masaüstü\\MysteryMentors\\node_modules\\vite\\node_modules\\@esbuild\\android-arm'
227 silly reify ]
228 verbose reify failed optional dependency C:\Users\Mhmtm\OneDrive\Masaüstü\MysteryMentors\node_modules\vite\node_modules\@esbuild\aix-ppc64
229 silly reify mark deleted [
229 silly reify   'C:\\Users\\Mhmtm\\OneDrive\\Masaüstü\\MysteryMentors\\node_modules\\vite\\node_modules\\@esbuild\\aix-ppc64'
229 silly reify ]
230 verbose reify failed optional dependency C:\Users\Mhmtm\OneDrive\Masaüstü\MysteryMentors\node_modules\tsx\node_modules\@esbuild\win32-ia32
231 silly reify mark deleted [
231 silly reify   'C:\\Users\\Mhmtm\\OneDrive\\Masaüstü\\MysteryMentors\\node_modules\\tsx\\node_modules\\@esbuild\\win32-ia32'
231 silly reify ]
232 verbose reify failed optional dependency C:\Users\Mhmtm\OneDrive\Masaüstü\MysteryMentors\node_modules\tsx\node_modules\@esbuild\win32-arm64
233 silly reify mark deleted [
233 silly reify   'C:\\Users\\Mhmtm\\OneDrive\\Masaüstü\\MysteryMentors\\node_modules\\tsx\\node_modules\\@esbuild\\win32-arm64'
233 silly reify ]
234 verbose reify failed optional dependency C:\Users\Mhmtm\OneDrive\Masaüstü\MysteryMentors\node_modules\tsx\node_modules\@esbuild\sunos-x64
235 silly reify mark deleted [
235 silly reify   'C:\\Users\\Mhmtm\\OneDrive\\Masaüstü\\MysteryMentors\\node_modules\\tsx\\node_modules\\@esbuild\\sunos-x64'
235 silly reify ]
236 verbose reify failed optional dependency C:\Users\Mhmtm\OneDrive\Masaüstü\MysteryMentors\node_modules\tsx\node_modules\@esbuild\openbsd-x64
237 silly reify mark deleted [
237 silly reify   'C:\\Users\\Mhmtm\\OneDrive\\Masaüstü\\MysteryMentors\\node_modules\\tsx\\node_modules\\@esbuild\\openbsd-x64'
237 silly reify ]
238 verbose reify failed optional dependency C:\Users\Mhmtm\OneDrive\Masaüstü\MysteryMentors\node_modules\tsx\node_modules\@esbuild\openbsd-arm64
239 silly reify mark deleted [
239 silly reify   'C:\\Users\\Mhmtm\\OneDrive\\Masaüstü\\MysteryMentors\\node_modules\\tsx\\node_modules\\@esbuild\\openbsd-arm64'
239 silly reify ]
240 verbose reify failed optional dependency C:\Users\Mhmtm\OneDrive\Masaüstü\MysteryMentors\node_modules\tsx\node_modules\@esbuild\netbsd-x64
241 silly reify mark deleted [
241 silly reify   'C:\\Users\\Mhmtm\\OneDrive\\Masaüstü\\MysteryMentors\\node_modules\\tsx\\node_modules\\@esbuild\\netbsd-x64'
241 silly reify ]
242 verbose reify failed optional dependency C:\Users\Mhmtm\OneDrive\Masaüstü\MysteryMentors\node_modules\tsx\node_modules\@esbuild\linux-x64
243 silly reify mark deleted [
243 silly reify   'C:\\Users\\Mhmtm\\OneDrive\\Masaüstü\\MysteryMentors\\node_modules\\tsx\\node_modules\\@esbuild\\linux-x64'
243 silly reify ]
244 verbose reify failed optional dependency C:\Users\Mhmtm\OneDrive\Masaüstü\MysteryMentors\node_modules\tsx\node_modules\@esbuild\linux-s390x
245 silly reify mark deleted [
245 silly reify   'C:\\Users\\Mhmtm\\OneDrive\\Masaüstü\\MysteryMentors\\node_modules\\tsx\\node_modules\\@esbuild\\linux-s390x'
245 silly reify ]
246 verbose reify failed optional dependency C:\Users\Mhmtm\OneDrive\Masaüstü\MysteryMentors\node_modules\tsx\node_modules\@esbuild\linux-riscv64
247 silly reify mark deleted [
247 silly reify   'C:\\Users\\Mhmtm\\OneDrive\\Masaüstü\\MysteryMentors\\node_modules\\tsx\\node_modules\\@esbuild\\linux-riscv64'
247 silly reify ]
248 verbose reify failed optional dependency C:\Users\Mhmtm\OneDrive\Masaüstü\MysteryMentors\node_modules\tsx\node_modules\@esbuild\linux-ppc64
249 silly reify mark deleted [
249 silly reify   'C:\\Users\\Mhmtm\\OneDrive\\Masaüstü\\MysteryMentors\\node_modules\\tsx\\node_modules\\@esbuild\\linux-ppc64'
249 silly reify ]
250 verbose reify failed optional dependency C:\Users\Mhmtm\OneDrive\Masaüstü\MysteryMentors\node_modules\tsx\node_modules\@esbuild\linux-mips64el
251 silly reify mark deleted [
251 silly reify   'C:\\Users\\Mhmtm\\OneDrive\\Masaüstü\\MysteryMentors\\node_modules\\tsx\\node_modules\\@esbuild\\linux-mips64el'
251 silly reify ]
252 verbose reify failed optional dependency C:\Users\Mhmtm\OneDrive\Masaüstü\MysteryMentors\node_modules\tsx\node_modules\@esbuild\linux-loong64
253 silly reify mark deleted [
253 silly reify   'C:\\Users\\Mhmtm\\OneDrive\\Masaüstü\\MysteryMentors\\node_modules\\tsx\\node_modules\\@esbuild\\linux-loong64'
253 silly reify ]
254 verbose reify failed optional dependency C:\Users\Mhmtm\OneDrive\Masaüstü\MysteryMentors\node_modules\tsx\node_modules\@esbuild\linux-ia32
255 silly reify mark deleted [
255 silly reify   'C:\\Users\\Mhmtm\\OneDrive\\Masaüstü\\MysteryMentors\\node_modules\\tsx\\node_modules\\@esbuild\\linux-ia32'
255 silly reify ]
256 verbose reify failed optional dependency C:\Users\Mhmtm\OneDrive\Masaüstü\MysteryMentors\node_modules\tsx\node_modules\@esbuild\linux-arm64
257 silly reify mark deleted [
257 silly reify   'C:\\Users\\Mhmtm\\OneDrive\\Masaüstü\\MysteryMentors\\node_modules\\tsx\\node_modules\\@esbuild\\linux-arm64'
257 silly reify ]
258 verbose reify failed optional dependency C:\Users\Mhmtm\OneDrive\Masaüstü\MysteryMentors\node_modules\tsx\node_modules\@esbuild\linux-arm
259 silly reify mark deleted [
259 silly reify   'C:\\Users\\Mhmtm\\OneDrive\\Masaüstü\\MysteryMentors\\node_modules\\tsx\\node_modules\\@esbuild\\linux-arm'
259 silly reify ]
260 verbose reify failed optional dependency C:\Users\Mhmtm\OneDrive\Masaüstü\MysteryMentors\node_modules\tsx\node_modules\@esbuild\freebsd-x64
261 silly reify mark deleted [
261 silly reify   'C:\\Users\\Mhmtm\\OneDrive\\Masaüstü\\MysteryMentors\\node_modules\\tsx\\node_modules\\@esbuild\\freebsd-x64'
261 silly reify ]
262 verbose reify failed optional dependency C:\Users\Mhmtm\OneDrive\Masaüstü\MysteryMentors\node_modules\tsx\node_modules\@esbuild\freebsd-arm64
263 silly reify mark deleted [
263 silly reify   'C:\\Users\\Mhmtm\\OneDrive\\Masaüstü\\MysteryMentors\\node_modules\\tsx\\node_modules\\@esbuild\\freebsd-arm64'
263 silly reify ]
264 verbose reify failed optional dependency C:\Users\Mhmtm\OneDrive\Masaüstü\MysteryMentors\node_modules\tsx\node_modules\@esbuild\darwin-x64
265 silly reify mark deleted [
265 silly reify   'C:\\Users\\Mhmtm\\OneDrive\\Masaüstü\\MysteryMentors\\node_modules\\tsx\\node_modules\\@esbuild\\darwin-x64'
265 silly reify ]
266 verbose reify failed optional dependency C:\Users\Mhmtm\OneDrive\Masaüstü\MysteryMentors\node_modules\tsx\node_modules\@esbuild\darwin-arm64
267 silly reify mark deleted [
267 silly reify   'C:\\Users\\Mhmtm\\OneDrive\\Masaüstü\\MysteryMentors\\node_modules\\tsx\\node_modules\\@esbuild\\darwin-arm64'
267 silly reify ]
268 verbose reify failed optional dependency C:\Users\Mhmtm\OneDrive\Masaüstü\MysteryMentors\node_modules\tsx\node_modules\@esbuild\android-x64
269 silly reify mark deleted [
269 silly reify   'C:\\Users\\Mhmtm\\OneDrive\\Masaüstü\\MysteryMentors\\node_modules\\tsx\\node_modules\\@esbuild\\android-x64'
269 silly reify ]
270 verbose reify failed optional dependency C:\Users\Mhmtm\OneDrive\Masaüstü\MysteryMentors\node_modules\tsx\node_modules\@esbuild\android-arm64
271 silly reify mark deleted [
271 silly reify   'C:\\Users\\Mhmtm\\OneDrive\\Masaüstü\\MysteryMentors\\node_modules\\tsx\\node_modules\\@esbuild\\android-arm64'
271 silly reify ]
272 verbose reify failed optional dependency C:\Users\Mhmtm\OneDrive\Masaüstü\MysteryMentors\node_modules\tsx\node_modules\@esbuild\android-arm
273 silly reify mark deleted [
273 silly reify   'C:\\Users\\Mhmtm\\OneDrive\\Masaüstü\\MysteryMentors\\node_modules\\tsx\\node_modules\\@esbuild\\android-arm'
273 silly reify ]
274 verbose reify failed optional dependency C:\Users\Mhmtm\OneDrive\Masaüstü\MysteryMentors\node_modules\tsx\node_modules\@esbuild\aix-ppc64
275 silly reify mark deleted [
275 silly reify   'C:\\Users\\Mhmtm\\OneDrive\\Masaüstü\\MysteryMentors\\node_modules\\tsx\\node_modules\\@esbuild\\aix-ppc64'
275 silly reify ]
276 verbose reify failed optional dependency C:\Users\Mhmtm\OneDrive\Masaüstü\MysteryMentors\node_modules\drizzle-kit\node_modules\@esbuild\win32-ia32
277 silly reify mark deleted [
277 silly reify   'C:\\Users\\Mhmtm\\OneDrive\\Masaüstü\\MysteryMentors\\node_modules\\drizzle-kit\\node_modules\\@esbuild\\win32-ia32'
277 silly reify ]
278 verbose reify failed optional dependency C:\Users\Mhmtm\OneDrive\Masaüstü\MysteryMentors\node_modules\drizzle-kit\node_modules\@esbuild\win32-arm64
279 silly reify mark deleted [
279 silly reify   'C:\\Users\\Mhmtm\\OneDrive\\Masaüstü\\MysteryMentors\\node_modules\\drizzle-kit\\node_modules\\@esbuild\\win32-arm64'
279 silly reify ]
280 verbose reify failed optional dependency C:\Users\Mhmtm\OneDrive\Masaüstü\MysteryMentors\node_modules\drizzle-kit\node_modules\@esbuild\sunos-x64
281 silly reify mark deleted [
281 silly reify   'C:\\Users\\Mhmtm\\OneDrive\\Masaüstü\\MysteryMentors\\node_modules\\drizzle-kit\\node_modules\\@esbuild\\sunos-x64'
281 silly reify ]
282 verbose reify failed optional dependency C:\Users\Mhmtm\OneDrive\Masaüstü\MysteryMentors\node_modules\drizzle-kit\node_modules\@esbuild\openbsd-x64
283 silly reify mark deleted [
283 silly reify   'C:\\Users\\Mhmtm\\OneDrive\\Masaüstü\\MysteryMentors\\node_modules\\drizzle-kit\\node_modules\\@esbuild\\openbsd-x64'
283 silly reify ]
284 verbose reify failed optional dependency C:\Users\Mhmtm\OneDrive\Masaüstü\MysteryMentors\node_modules\drizzle-kit\node_modules\@esbuild\netbsd-x64
285 silly reify mark deleted [
285 silly reify   'C:\\Users\\Mhmtm\\OneDrive\\Masaüstü\\MysteryMentors\\node_modules\\drizzle-kit\\node_modules\\@esbuild\\netbsd-x64'
285 silly reify ]
286 verbose reify failed optional dependency C:\Users\Mhmtm\OneDrive\Masaüstü\MysteryMentors\node_modules\drizzle-kit\node_modules\@esbuild\linux-x64
287 silly reify mark deleted [
287 silly reify   'C:\\Users\\Mhmtm\\OneDrive\\Masaüstü\\MysteryMentors\\node_modules\\drizzle-kit\\node_modules\\@esbuild\\linux-x64'
287 silly reify ]
288 verbose reify failed optional dependency C:\Users\Mhmtm\OneDrive\Masaüstü\MysteryMentors\node_modules\drizzle-kit\node_modules\@esbuild\linux-s390x
289 silly reify mark deleted [
289 silly reify   'C:\\Users\\Mhmtm\\OneDrive\\Masaüstü\\MysteryMentors\\node_modules\\drizzle-kit\\node_modules\\@esbuild\\linux-s390x'
289 silly reify ]
290 verbose reify failed optional dependency C:\Users\Mhmtm\OneDrive\Masaüstü\MysteryMentors\node_modules\drizzle-kit\node_modules\@esbuild\linux-riscv64
291 silly reify mark deleted [
291 silly reify   'C:\\Users\\Mhmtm\\OneDrive\\Masaüstü\\MysteryMentors\\node_modules\\drizzle-kit\\node_modules\\@esbuild\\linux-riscv64'
291 silly reify ]
292 verbose reify failed optional dependency C:\Users\Mhmtm\OneDrive\Masaüstü\MysteryMentors\node_modules\drizzle-kit\node_modules\@esbuild\linux-ppc64
293 silly reify mark deleted [
293 silly reify   'C:\\Users\\Mhmtm\\OneDrive\\Masaüstü\\MysteryMentors\\node_modules\\drizzle-kit\\node_modules\\@esbuild\\linux-ppc64'
293 silly reify ]
294 verbose reify failed optional dependency C:\Users\Mhmtm\OneDrive\Masaüstü\MysteryMentors\node_modules\drizzle-kit\node_modules\@esbuild\linux-mips64el
295 silly reify mark deleted [
295 silly reify   'C:\\Users\\Mhmtm\\OneDrive\\Masaüstü\\MysteryMentors\\node_modules\\drizzle-kit\\node_modules\\@esbuild\\linux-mips64el'
295 silly reify ]
296 verbose reify failed optional dependency C:\Users\Mhmtm\OneDrive\Masaüstü\MysteryMentors\node_modules\drizzle-kit\node_modules\@esbuild\linux-loong64
297 silly reify mark deleted [
297 silly reify   'C:\\Users\\Mhmtm\\OneDrive\\Masaüstü\\MysteryMentors\\node_modules\\drizzle-kit\\node_modules\\@esbuild\\linux-loong64'
297 silly reify ]
298 verbose reify failed optional dependency C:\Users\Mhmtm\OneDrive\Masaüstü\MysteryMentors\node_modules\drizzle-kit\node_modules\@esbuild\linux-ia32
299 silly reify mark deleted [
299 silly reify   'C:\\Users\\Mhmtm\\OneDrive\\Masaüstü\\MysteryMentors\\node_modules\\drizzle-kit\\node_modules\\@esbuild\\linux-ia32'
299 silly reify ]
300 verbose reify failed optional dependency C:\Users\Mhmtm\OneDrive\Masaüstü\MysteryMentors\node_modules\drizzle-kit\node_modules\@esbuild\linux-arm64
301 silly reify mark deleted [
301 silly reify   'C:\\Users\\Mhmtm\\OneDrive\\Masaüstü\\MysteryMentors\\node_modules\\drizzle-kit\\node_modules\\@esbuild\\linux-arm64'
301 silly reify ]
302 verbose reify failed optional dependency C:\Users\Mhmtm\OneDrive\Masaüstü\MysteryMentors\node_modules\drizzle-kit\node_modules\@esbuild\linux-arm
303 silly reify mark deleted [
303 silly reify   'C:\\Users\\Mhmtm\\OneDrive\\Masaüstü\\MysteryMentors\\node_modules\\drizzle-kit\\node_modules\\@esbuild\\linux-arm'
303 silly reify ]
304 verbose reify failed optional dependency C:\Users\Mhmtm\OneDrive\Masaüstü\MysteryMentors\node_modules\drizzle-kit\node_modules\@esbuild\freebsd-x64
305 silly reify mark deleted [
305 silly reify   'C:\\Users\\Mhmtm\\OneDrive\\Masaüstü\\MysteryMentors\\node_modules\\drizzle-kit\\node_modules\\@esbuild\\freebsd-x64'
305 silly reify ]
306 verbose reify failed optional dependency C:\Users\Mhmtm\OneDrive\Masaüstü\MysteryMentors\node_modules\drizzle-kit\node_modules\@esbuild\freebsd-arm64
307 silly reify mark deleted [
307 silly reify   'C:\\Users\\Mhmtm\\OneDrive\\Masaüstü\\MysteryMentors\\node_modules\\drizzle-kit\\node_modules\\@esbuild\\freebsd-arm64'
307 silly reify ]
308 verbose reify failed optional dependency C:\Users\Mhmtm\OneDrive\Masaüstü\MysteryMentors\node_modules\drizzle-kit\node_modules\@esbuild\darwin-x64
309 silly reify mark deleted [
309 silly reify   'C:\\Users\\Mhmtm\\OneDrive\\Masaüstü\\MysteryMentors\\node_modules\\drizzle-kit\\node_modules\\@esbuild\\darwin-x64'
309 silly reify ]
310 verbose reify failed optional dependency C:\Users\Mhmtm\OneDrive\Masaüstü\MysteryMentors\node_modules\drizzle-kit\node_modules\@esbuild\darwin-arm64
311 silly reify mark deleted [
311 silly reify   'C:\\Users\\Mhmtm\\OneDrive\\Masaüstü\\MysteryMentors\\node_modules\\drizzle-kit\\node_modules\\@esbuild\\darwin-arm64'
311 silly reify ]
312 verbose reify failed optional dependency C:\Users\Mhmtm\OneDrive\Masaüstü\MysteryMentors\node_modules\drizzle-kit\node_modules\@esbuild\android-x64
313 silly reify mark deleted [
313 silly reify   'C:\\Users\\Mhmtm\\OneDrive\\Masaüstü\\MysteryMentors\\node_modules\\drizzle-kit\\node_modules\\@esbuild\\android-x64'
313 silly reify ]
314 verbose reify failed optional dependency C:\Users\Mhmtm\OneDrive\Masaüstü\MysteryMentors\node_modules\drizzle-kit\node_modules\@esbuild\android-arm64
315 silly reify mark deleted [
315 silly reify   'C:\\Users\\Mhmtm\\OneDrive\\Masaüstü\\MysteryMentors\\node_modules\\drizzle-kit\\node_modules\\@esbuild\\android-arm64'
315 silly reify ]
316 verbose reify failed optional dependency C:\Users\Mhmtm\OneDrive\Masaüstü\MysteryMentors\node_modules\drizzle-kit\node_modules\@esbuild\android-arm
317 silly reify mark deleted [
317 silly reify   'C:\\Users\\Mhmtm\\OneDrive\\Masaüstü\\MysteryMentors\\node_modules\\drizzle-kit\\node_modules\\@esbuild\\android-arm'
317 silly reify ]
318 verbose reify failed optional dependency C:\Users\Mhmtm\OneDrive\Masaüstü\MysteryMentors\node_modules\drizzle-kit\node_modules\@esbuild\aix-ppc64
319 silly reify mark deleted [
319 silly reify   'C:\\Users\\Mhmtm\\OneDrive\\Masaüstü\\MysteryMentors\\node_modules\\drizzle-kit\\node_modules\\@esbuild\\aix-ppc64'
319 silly reify ]
320 http fetch POST 200 https://registry.npmjs.org/-/npm/v1/security/advisories/bulk 961ms
321 silly audit report {
321 silly audit report   '@babel/helpers': [
321 silly audit report     {
321 silly audit report       id: 1104001,
321 silly audit report       url: 'https://github.com/advisories/GHSA-968p-4wvh-cqc8',
321 silly audit report       title: 'Babel has inefficient RegExp complexity in generated code with .replace when transpiling named capturing groups',
321 silly audit report       severity: 'moderate',
321 silly audit report       vulnerable_versions: '<7.26.10',
321 silly audit report       cwe: [Array],
321 silly audit report       cvss: [Object]
321 silly audit report     }
321 silly audit report   ],
321 silly audit report   esbuild: [
321 silly audit report     {
321 silly audit report       id: 1102341,
321 silly audit report       url: 'https://github.com/advisories/GHSA-67mh-4wv8-2f99',
321 silly audit report       title: 'esbuild enables any website to send any requests to the development server and read the response',
321 silly audit report       severity: 'moderate',
321 silly audit report       vulnerable_versions: '<=0.24.2',
321 silly audit report       cwe: [Array],
321 silly audit report       cvss: [Object]
321 silly audit report     }
321 silly audit report   ],
321 silly audit report   vite: [
321 silly audit report     {
321 silly audit report       id: 1103517,
321 silly audit report       url: 'https://github.com/advisories/GHSA-x574-m823-4x7w',
321 silly audit report       title: 'Vite bypasses server.fs.deny when using ?raw??',
321 silly audit report       severity: 'moderate',
321 silly audit report       vulnerable_versions: '>=5.0.0 <5.4.15',
321 silly audit report       cwe: [Array],
321 silly audit report       cvss: [Object]
321 silly audit report     },
321 silly audit report     {
321 silly audit report       id: 1103628,
321 silly audit report       url: 'https://github.com/advisories/GHSA-4r4m-qw57-chr8',
321 silly audit report       title: 'Vite has a `server.fs.deny` bypassed for `inline` and `raw` with `?import` query',
321 silly audit report       severity: 'moderate',
321 silly audit report       vulnerable_versions: '>=5.0.0 <5.4.16',
321 silly audit report       cwe: [Array],
321 silly audit report       cvss: [Object]
321 silly audit report     },
321 silly audit report     {
321 silly audit report       id: 1103884,
321 silly audit report       url: 'https://github.com/advisories/GHSA-356w-63v5-8wf4',
321 silly audit report       title: 'Vite has an `server.fs.deny` bypass with an invalid `request-target`',
321 silly audit report       severity: 'moderate',
321 silly audit report       vulnerable_versions: '>=5.0.0 <5.4.18',
321 silly audit report       cwe: [Array],
321 silly audit report       cvss: [Object]
321 silly audit report     },
321 silly audit report     {
321 silly audit report       id: 1104173,
321 silly audit report       url: 'https://github.com/advisories/GHSA-859w-5945-r5v3',
321 silly audit report       title: "Vite's server.fs.deny bypassed with /. for files under project root",
321 silly audit report       severity: 'moderate',
321 silly audit report       vulnerable_versions: '>=5.0.0 <=5.4.18',
321 silly audit report       cwe: [Array],
321 silly audit report       cvss: [Object]
321 silly audit report     },
321 silly audit report     {
321 silly audit report       id: 1104202,
321 silly audit report       url: 'https://github.com/advisories/GHSA-xcj6-pq6g-qj4x',
321 silly audit report       title: 'Vite allows server.fs.deny to be bypassed with .svg or relative paths',
321 silly audit report       severity: 'moderate',
321 silly audit report       vulnerable_versions: '>=5.0.0 <5.4.17',
321 silly audit report       cwe: [Array],
321 silly audit report       cvss: [Object]
321 silly audit report     }
321 silly audit report   ]
321 silly audit report }
322 silly packumentCache corgi:https://registry.npmjs.org/@babel%2fhelpers cache-miss
323 silly packumentCache corgi:https://registry.npmjs.org/esbuild cache-miss
324 silly packumentCache corgi:https://registry.npmjs.org/vite cache-miss
325 http cache https://registry.npmjs.org/esbuild 22ms (cache hit)
326 silly packumentCache corgi:https://registry.npmjs.org/esbuild set size:861077 disposed:false
327 http cache https://registry.npmjs.org/vite 38ms (cache hit)
328 silly packumentCache corgi:https://registry.npmjs.org/vite set size:2010811 disposed:false
329 http cache https://registry.npmjs.org/@babel%2fhelpers 94ms (cache hit)
330 silly packumentCache corgi:https://registry.npmjs.org/@babel%2fhelpers set size:197848 disposed:false
331 silly packumentCache corgi:https://registry.npmjs.org/@babel%2fcore cache-miss
332 http fetch GET 200 https://registry.npmjs.org/@babel%2fcore 146ms (cache miss)
333 silly packumentCache corgi:https://registry.npmjs.org/@babel%2fcore set size:undefined disposed:false
334 silly packumentCache corgi:https://registry.npmjs.org/@esbuild-kit%2fcore-utils cache-miss
335 silly packumentCache corgi:https://registry.npmjs.org/drizzle-kit cache-miss
336 silly packumentCache corgi:https://registry.npmjs.org/tsx cache-miss
337 http fetch GET 200 https://registry.npmjs.org/@esbuild-kit%2fcore-utils 294ms (cache miss)
338 silly packumentCache corgi:https://registry.npmjs.org/@esbuild-kit%2fcore-utils set size:undefined disposed:false
339 http fetch GET 200 https://registry.npmjs.org/tsx 358ms (cache miss)
340 silly packumentCache corgi:https://registry.npmjs.org/tsx set size:undefined disposed:false
341 http fetch GET 200 https://registry.npmjs.org/drizzle-kit 531ms (cache miss)
342 silly packumentCache corgi:https://registry.npmjs.org/drizzle-kit set size:undefined disposed:false
343 silly packumentCache corgi:https://registry.npmjs.org/@tailwindcss%2fvite cache-miss
344 silly packumentCache corgi:https://registry.npmjs.org/@vitejs%2fplugin-react cache-miss
345 http fetch GET 200 https://registry.npmjs.org/@vitejs%2fplugin-react 113ms (cache miss)
346 silly packumentCache corgi:https://registry.npmjs.org/@vitejs%2fplugin-react set size:undefined disposed:false
347 http fetch GET 200 https://registry.npmjs.org/@tailwindcss%2fvite 159ms (cache miss)
348 silly packumentCache corgi:https://registry.npmjs.org/@tailwindcss%2fvite set size:undefined disposed:false
349 silly packumentCache corgi:https://registry.npmjs.org/@esbuild-kit%2fesm-loader cache-miss
350 http fetch GET 200 https://registry.npmjs.org/@esbuild-kit%2fesm-loader 184ms (cache miss)
351 silly packumentCache corgi:https://registry.npmjs.org/@esbuild-kit%2fesm-loader set size:undefined disposed:false
352 silly ADD
353 silly ADD
354 silly ADD
355 silly ADD
356 silly ADD
357 silly ADD
358 silly ADD
359 silly ADD
360 silly ADD
361 silly ADD
362 silly ADD
363 silly ADD
364 silly ADD
365 silly ADD
366 silly ADD
367 silly ADD
368 silly ADD
369 silly ADD
370 silly ADD
371 silly ADD
372 silly ADD
373 silly ADD
374 silly ADD
375 silly ADD
376 silly ADD
377 silly ADD
378 silly ADD
379 silly ADD
380 silly ADD
381 silly ADD
382 silly ADD
383 silly ADD
384 silly ADD
385 silly ADD
386 silly ADD
387 silly ADD
388 silly ADD
389 silly ADD
390 silly ADD
391 silly ADD
392 silly ADD
393 silly ADD
394 silly ADD
395 silly ADD
396 silly ADD
397 silly ADD
398 silly ADD
399 silly ADD
400 silly ADD
401 silly ADD
402 silly ADD
403 silly ADD
404 silly ADD
405 silly ADD
406 silly ADD
407 silly ADD
408 silly ADD
409 silly ADD
410 silly ADD
411 silly ADD
412 silly ADD
413 silly ADD
414 silly ADD
415 silly ADD
416 silly ADD
417 silly ADD
418 silly ADD
419 silly ADD
420 silly ADD
421 silly ADD
422 silly ADD
423 silly ADD
424 silly ADD
425 silly ADD
426 silly ADD
427 silly ADD
428 silly ADD
429 silly ADD
430 silly ADD
431 silly ADD
432 silly ADD
433 silly ADD
434 silly ADD
435 silly ADD
436 silly ADD
437 silly ADD
438 silly ADD
439 silly ADD
440 silly ADD
441 silly ADD
442 silly ADD
443 silly ADD
444 silly ADD
445 silly ADD
446 silly ADD
447 silly ADD
448 silly ADD
449 silly ADD
450 silly ADD
451 silly ADD
452 silly ADD
453 silly ADD
454 silly ADD
455 silly ADD
456 silly ADD
457 silly ADD
458 silly ADD
459 silly ADD
460 silly ADD
461 silly ADD
462 silly ADD
463 silly ADD
464 silly ADD
465 silly ADD
466 silly ADD
467 silly ADD
468 silly ADD
469 silly ADD
470 silly ADD
471 silly ADD
472 silly ADD
473 silly ADD
474 silly ADD
475 silly ADD
476 silly ADD
477 silly ADD
478 silly ADD
479 silly ADD
480 silly ADD
481 silly ADD
482 silly ADD
483 silly ADD
484 silly ADD
485 silly ADD
486 silly ADD
487 silly ADD
488 silly ADD
489 silly ADD
490 silly ADD
491 silly ADD
492 silly ADD
493 silly ADD
494 silly ADD
495 silly ADD
496 silly ADD
497 silly ADD
498 silly ADD
499 silly ADD
500 silly ADD
501 verbose cwd C:\Users\Mhmtm\OneDrive\Masaüstü\MysteryMentors
502 verbose os Windows_NT 10.0.26100
503 verbose node v20.18.0
504 verbose npm  v11.2.0
505 verbose exit 0
506 info ok
